0 info it worked if it ends with ok
1 verbose cli [ '/usr/bin/nodejs', '/usr/bin/npm', 'i' ]
2 info using npm@2.15.9
3 info using node@v4.5.0
4 verbose readDependencies loading dependencies from /home/janhov/dev/src/d2-charts-api/package.json
5 warn package.json d2-charts-api@0.0.1 No repository field.
6 verbose install where, deps [ '/home/janhov/dev/src/d2-charts-api',
6 verbose install   [ 'highcharts',
6 verbose install     'd2-utilizr',
6 verbose install     'babel-core',
6 verbose install     'babel-eslint',
6 verbose install     'babel-loader',
6 verbose install     'babel-polyfill',
6 verbose install     'babel-preset-es2015',
6 verbose install     'babel-preset-stage-2',
6 verbose install     'css-loader',
6 verbose install     'eslint',
6 verbose install     'eslint-config-dhis2',
6 verbose install     'eslint-plugin-react',
6 verbose install     'file-loader',
6 verbose install     'img-loader',
6 verbose install     'node-sass',
6 verbose install     'sass-loader',
6 verbose install     'style-loader',
6 verbose install     'susy',
6 verbose install     'url-loader',
6 verbose install     'webpack',
6 verbose install     'webpack-dev-server' ] ]
7 verbose install where, peers [ '/home/janhov/dev/src/d2-charts-api', [] ]
8 verbose installManyTop reading for lifecycle /home/janhov/dev/src/d2-charts-api/package.json
9 info preinstall d2-charts-api@0.0.1
10 verbose installManyTop reading scoped package data from /home/janhov/dev/src/d2-charts-api/node_modules/babel-core/package.json
11 verbose installManyTop reading scoped package data from /home/janhov/dev/src/d2-charts-api/node_modules/babel-eslint/package.json
12 verbose installManyTop reading scoped package data from /home/janhov/dev/src/d2-charts-api/node_modules/babel-loader/package.json
13 verbose installManyTop reading scoped package data from /home/janhov/dev/src/d2-charts-api/node_modules/babel-polyfill/package.json
14 verbose installManyTop reading scoped package data from /home/janhov/dev/src/d2-charts-api/node_modules/babel-preset-es2015/package.json
15 verbose installManyTop reading scoped package data from /home/janhov/dev/src/d2-charts-api/node_modules/babel-preset-stage-2/package.json
16 verbose installManyTop reading scoped package data from /home/janhov/dev/src/d2-charts-api/node_modules/css-loader/package.json
17 verbose installManyTop reading scoped package data from /home/janhov/dev/src/d2-charts-api/node_modules/eslint/package.json
18 verbose installManyTop reading scoped package data from /home/janhov/dev/src/d2-charts-api/node_modules/eslint-config-dhis2/package.json
19 verbose installManyTop reading scoped package data from /home/janhov/dev/src/d2-charts-api/node_modules/eslint-plugin-react/package.json
20 verbose installManyTop reading scoped package data from /home/janhov/dev/src/d2-charts-api/node_modules/file-loader/package.json
21 verbose installManyTop reading scoped package data from /home/janhov/dev/src/d2-charts-api/node_modules/highcharts/package.json
22 verbose installManyTop reading scoped package data from /home/janhov/dev/src/d2-charts-api/node_modules/img-loader/package.json
23 verbose installManyTop reading scoped package data from /home/janhov/dev/src/d2-charts-api/node_modules/node-sass/package.json
24 verbose installManyTop reading scoped package data from /home/janhov/dev/src/d2-charts-api/node_modules/sass-loader/package.json
25 verbose installManyTop reading scoped package data from /home/janhov/dev/src/d2-charts-api/node_modules/style-loader/package.json
26 verbose installManyTop reading scoped package data from /home/janhov/dev/src/d2-charts-api/node_modules/susy/package.json
27 verbose installManyTop reading scoped package data from /home/janhov/dev/src/d2-charts-api/node_modules/url-loader/package.json
28 verbose installManyTop reading scoped package data from /home/janhov/dev/src/d2-charts-api/node_modules/webpack/package.json
29 verbose installManyTop reading scoped package data from /home/janhov/dev/src/d2-charts-api/node_modules/webpack-dev-server/package.json
30 info package.json highcharts@4.2.6 license should be a valid SPDX license expression
31 verbose readDependencies loading dependencies from /home/janhov/dev/src/d2-charts-api/package.json
32 verbose targetResolver reading package data from /home/janhov/dev/src/d2-charts-api/node_modules/babel-core/package.json
33 verbose targetResolver reading package data from /home/janhov/dev/src/d2-charts-api/node_modules/babel-eslint/package.json
34 verbose targetResolver reading package data from /home/janhov/dev/src/d2-charts-api/node_modules/babel-loader/package.json
35 verbose targetResolver reading package data from /home/janhov/dev/src/d2-charts-api/node_modules/babel-polyfill/package.json
36 verbose targetResolver reading package data from /home/janhov/dev/src/d2-charts-api/node_modules/babel-preset-es2015/package.json
37 verbose targetResolver reading package data from /home/janhov/dev/src/d2-charts-api/node_modules/babel-preset-stage-2/package.json
38 verbose targetResolver reading package data from /home/janhov/dev/src/d2-charts-api/node_modules/css-loader/package.json
39 verbose targetResolver reading package data from /home/janhov/dev/src/d2-charts-api/node_modules/eslint/package.json
40 verbose targetResolver reading package data from /home/janhov/dev/src/d2-charts-api/node_modules/eslint-config-dhis2/package.json
41 verbose targetResolver reading package data from /home/janhov/dev/src/d2-charts-api/node_modules/eslint-plugin-react/package.json
42 verbose targetResolver reading package data from /home/janhov/dev/src/d2-charts-api/node_modules/file-loader/package.json
43 verbose targetResolver reading package data from /home/janhov/dev/src/d2-charts-api/node_modules/highcharts/package.json
44 verbose targetResolver reading package data from /home/janhov/dev/src/d2-charts-api/node_modules/img-loader/package.json
45 verbose targetResolver reading package data from /home/janhov/dev/src/d2-charts-api/node_modules/node-sass/package.json
46 verbose targetResolver reading package data from /home/janhov/dev/src/d2-charts-api/node_modules/sass-loader/package.json
47 verbose targetResolver reading package data from /home/janhov/dev/src/d2-charts-api/node_modules/style-loader/package.json
48 verbose targetResolver reading package data from /home/janhov/dev/src/d2-charts-api/node_modules/susy/package.json
49 verbose targetResolver reading package data from /home/janhov/dev/src/d2-charts-api/node_modules/url-loader/package.json
50 verbose targetResolver reading package data from /home/janhov/dev/src/d2-charts-api/node_modules/webpack/package.json
51 verbose targetResolver reading package data from /home/janhov/dev/src/d2-charts-api/node_modules/webpack-dev-server/package.json
52 verbose targetResolver reading package data from /home/janhov/dev/src/d2-charts-api/node_modules/.bin/eslint/package.json
53 verbose targetResolver reading package data from /home/janhov/dev/src/d2-charts-api/node_modules/.bin/node-sass/package.json
54 verbose targetResolver reading package data from /home/janhov/dev/src/d2-charts-api/node_modules/.bin/webpack/package.json
55 verbose targetResolver reading package data from /home/janhov/dev/src/d2-charts-api/node_modules/.bin/webpack-dev-server/package.json
56 verbose already installed skipping img-loader@^1.2.2 /home/janhov/dev/src/d2-charts-api
57 verbose already installed skipping node-sass@3.4.2 /home/janhov/dev/src/d2-charts-api
58 verbose already installed skipping sass-loader@2.0.1 /home/janhov/dev/src/d2-charts-api
59 verbose already installed skipping style-loader@0.12.3 /home/janhov/dev/src/d2-charts-api
60 verbose already installed skipping susy@2.2.5 /home/janhov/dev/src/d2-charts-api
61 verbose already installed skipping url-loader@^0.5.7 /home/janhov/dev/src/d2-charts-api
62 verbose already installed skipping webpack@1.12.9 /home/janhov/dev/src/d2-charts-api
63 verbose already installed skipping webpack-dev-server@1.14.0 /home/janhov/dev/src/d2-charts-api
64 verbose already installed skipping highcharts@^4.2.6 /home/janhov/dev/src/d2-charts-api
65 silly cache add args [ 'd2-utilizr@0.2.11', null ]
66 verbose cache add spec d2-utilizr@0.2.11
67 silly cache add parsed spec Result {
67 silly cache add   raw: 'd2-utilizr@0.2.11',
67 silly cache add   scope: null,
67 silly cache add   name: 'd2-utilizr',
67 silly cache add   rawSpec: '0.2.11',
67 silly cache add   spec: '0.2.11',
67 silly cache add   type: 'version' }
68 silly addNamed d2-utilizr@0.2.11
69 verbose addNamed "0.2.11" is a plain semver version for d2-utilizr
70 silly mapToRegistry name d2-utilizr
71 silly mapToRegistry using default registry
72 silly mapToRegistry registry https://registry.npmjs.org/
73 silly mapToRegistry data Result {
73 silly mapToRegistry   raw: 'd2-utilizr',
73 silly mapToRegistry   scope: null,
73 silly mapToRegistry   name: 'd2-utilizr',
73 silly mapToRegistry   rawSpec: '',
73 silly mapToRegistry   spec: 'latest',
73 silly mapToRegistry   type: 'tag' }
74 silly mapToRegistry uri https://registry.npmjs.org/d2-utilizr
75 verbose addNameVersion registry:https://registry.npmjs.org/d2-utilizr not in flight; fetching
76 verbose already installed skipping babel-core@^6.3.13 /home/janhov/dev/src/d2-charts-api
77 verbose already installed skipping babel-eslint@^6.1.2 /home/janhov/dev/src/d2-charts-api
78 verbose already installed skipping babel-loader@^6.2.0 /home/janhov/dev/src/d2-charts-api
79 verbose already installed skipping babel-polyfill@^6.3.14 /home/janhov/dev/src/d2-charts-api
80 verbose already installed skipping babel-preset-es2015@^6.3.13 /home/janhov/dev/src/d2-charts-api
81 verbose request uri https://registry.npmjs.org/d2-utilizr
82 verbose request no auth needed
83 info attempt registry request try #1 at 5:10:44 PM
84 verbose request using bearer token for auth
85 verbose request id fe95ec3b96e3392f
86 http request GET https://registry.npmjs.org/d2-utilizr
87 verbose already installed skipping babel-preset-stage-2@^6.3.13 /home/janhov/dev/src/d2-charts-api
88 verbose already installed skipping css-loader@0.18.0 /home/janhov/dev/src/d2-charts-api
89 verbose already installed skipping eslint@^2.13.1 /home/janhov/dev/src/d2-charts-api
90 verbose already installed skipping eslint-config-dhis2@^2.0.2 /home/janhov/dev/src/d2-charts-api
91 verbose already installed skipping eslint-plugin-react@3.3.1 /home/janhov/dev/src/d2-charts-api
92 verbose already installed skipping file-loader@0.8.5 /home/janhov/dev/src/d2-charts-api
93 http 200 https://registry.npmjs.org/d2-utilizr
94 verbose headers { server: 'CouchDB/1.5.0 (Erlang OTP/R16B03)',
94 verbose headers   etag: '"AGBF9PWT4J32CY9BPESZ0LQ2Y"',
94 verbose headers   'content-type': 'application/json',
94 verbose headers   'content-encoding': 'gzip',
94 verbose headers   'cache-control': 'max-age=300',
94 verbose headers   'transfer-encoding': 'chunked',
94 verbose headers   'accept-ranges': 'bytes',
94 verbose headers   date: 'Fri, 09 Sep 2016 15:10:44 GMT',
94 verbose headers   via: '1.1 varnish',
94 verbose headers   connection: 'keep-alive',
94 verbose headers   'x-served-by': 'cache-fra1243-FRA',
94 verbose headers   'x-cache': 'MISS',
94 verbose headers   'x-cache-hits': '0',
94 verbose headers   'x-timer': 'S1473433843.859583,VS0,VE448',
94 verbose headers   vary: 'Accept-Encoding' }
95 silly get cb [ 200,
95 silly get   { server: 'CouchDB/1.5.0 (Erlang OTP/R16B03)',
95 silly get     etag: '"AGBF9PWT4J32CY9BPESZ0LQ2Y"',
95 silly get     'content-type': 'application/json',
95 silly get     'content-encoding': 'gzip',
95 silly get     'cache-control': 'max-age=300',
95 silly get     'transfer-encoding': 'chunked',
95 silly get     'accept-ranges': 'bytes',
95 silly get     date: 'Fri, 09 Sep 2016 15:10:44 GMT',
95 silly get     via: '1.1 varnish',
95 silly get     connection: 'keep-alive',
95 silly get     'x-served-by': 'cache-fra1243-FRA',
95 silly get     'x-cache': 'MISS',
95 silly get     'x-cache-hits': '0',
95 silly get     'x-timer': 'S1473433843.859583,VS0,VE448',
95 silly get     vary: 'Accept-Encoding' } ]
96 verbose get saving d2-utilizr to /home/janhov/.npm/registry.npmjs.org/d2-utilizr/.cache.json
97 verbose correctMkdir /home/janhov/.npm correctMkdir not in flight; initializing
98 silly mapToRegistry name d2-utilizr
99 silly mapToRegistry using default registry
100 silly mapToRegistry registry https://registry.npmjs.org/
101 silly mapToRegistry data Result {
101 silly mapToRegistry   raw: 'd2-utilizr',
101 silly mapToRegistry   scope: null,
101 silly mapToRegistry   name: 'd2-utilizr',
101 silly mapToRegistry   rawSpec: '',
101 silly mapToRegistry   spec: 'latest',
101 silly mapToRegistry   type: 'tag' }
102 silly mapToRegistry uri https://registry.npmjs.org/d2-utilizr
103 verbose addRemoteTarball https://registry.npmjs.org/d2-utilizr/-/d2-utilizr-0.2.11.tgz not in flight; adding
104 verbose addRemoteTarball [ 'https://registry.npmjs.org/d2-utilizr/-/d2-utilizr-0.2.11.tgz',
104 verbose addRemoteTarball   'addf9c70fedb04ea237115ab158ac79d75885c39' ]
105 info retry fetch attempt 1 at 5:10:45 PM
106 info attempt registry request try #1 at 5:10:45 PM
107 http fetch GET https://registry.npmjs.org/d2-utilizr/-/d2-utilizr-0.2.11.tgz
108 verbose request using bearer token for auth
109 http fetch 200 https://registry.npmjs.org/d2-utilizr/-/d2-utilizr-0.2.11.tgz
110 silly fetchAndShaCheck shasum addf9c70fedb04ea237115ab158ac79d75885c39
111 verbose addTmpTarball /tmp/npm-20710-23a5d31a/registry.npmjs.org/d2-utilizr/-/d2-utilizr-0.2.11.tgz not in flight; adding
112 verbose addTmpTarball already have metadata; skipping unpack for d2-utilizr@0.2.11
113 verbose correctMkdir /home/janhov/.npm correctMkdir not in flight; initializing
114 silly cache afterAdd d2-utilizr@0.2.11
115 verbose afterAdd /home/janhov/.npm/d2-utilizr/0.2.11/package/package.json not in flight; writing
116 verbose correctMkdir /home/janhov/.npm correctMkdir not in flight; initializing
117 verbose afterAdd /home/janhov/.npm/d2-utilizr/0.2.11/package/package.json written
118 silly install resolved [ { name: 'd2-utilizr',
118 silly install resolved     version: '0.2.11',
118 silly install resolved     description: '==',
118 silly install resolved     main: 'lib/index.js',
118 silly install resolved     scripts:
118 silly install resolved      { coverage: 'babel-node node_modules/isparta/bin/isparta cover --report text --report html --report lcov node_modules/mocha/bin/_mocha -- --reporter dot --compilers js:babel-core/register --require config/test-env-setup.js config/sandbox-setup.js --recursive test',
118 silly install resolved        test: 'mocha --reporter spec --compilers js:babel-core/register --require config/test-env-setup.js config/sandbox-setup.js --recursive test',
118 silly install resolved        'test-watch': 'mocha --reporter spec --compilers js:babel-core/register --require config/test-env-setup.js config/sandbox-setup.js --recursive test --watch',
118 silly install resolved        build: 'babel src/ --out-dir lib --source-maps',
118 silly install resolved        travis: 'npm run coverage',
118 silly install resolved        posttravis: 'codeclimate-test-reporter < ./coverage/lcov.info',
118 silly install resolved        predocs: 'rm ./.babelrc || true',
118 silly install resolved        docs: 'documentation build src/* --github --output docs --format html',
118 silly install resolved        postdocs: ' git checkout .babelrc' },
118 silly install resolved     repository:
118 silly install resolved      { type: 'git',
118 silly install resolved        url: 'git+https://github.com/dhis2/d2-utilizr.git' },
118 silly install resolved     author: { name: 'Jan Henrik Øverland' },
118 silly install resolved     license: 'BSD-3-Clause',
118 silly install resolved     bugs: { url: 'https://github.com/dhis2/d2-utilizr/issues' },
118 silly install resolved     homepage: 'https://github.com/dhis2/d2-utilizr#readme',
118 silly install resolved     devDependencies:
118 silly install resolved      { 'babel-cli': '^6.3.15',
118 silly install resolved        'babel-core': '^6.5.1',
118 silly install resolved        'babel-preset-es2015': '^6.3.13',
118 silly install resolved        'babel-preset-stage-2': '^6.3.13',
118 silly install resolved        chai: '^3.5.0',
118 silly install resolved        'codeclimate-test-reporter': '^0.3.1',
118 silly install resolved        documentation: '^4.0.0-beta',
118 silly install resolved        isparta: '^4.0.0',
118 silly install resolved        mocha: '^2.4.5',
118 silly install resolved        sinon: '^1.17.3',
118 silly install resolved        'sinon-chai': '^2.8.0' },
118 silly install resolved     dependencies:
118 silly install resolved      { 'lodash.isboolean': '^3.0.3',
118 silly install resolved        'lodash.isfunction': '^3.0.8',
118 silly install resolved        'lodash.ismap': '^4.3.0',
118 silly install resolved        'lodash.isnumber': '^3.0.3',
118 silly install resolved        'lodash.isobject': '^3.0.2',
118 silly install resolved        'lodash.isset': '^4.3.0',
118 silly install resolved        'lodash.isstring': '^4.0.1' },
118 silly install resolved     gitHead: '7e99488164a137a19829a56c7abad5c8cdd825d8',
118 silly install resolved     _id: 'd2-utilizr@0.2.11',
118 silly install resolved     _shasum: 'addf9c70fedb04ea237115ab158ac79d75885c39',
118 silly install resolved     _from: 'd2-utilizr@0.2.11',
118 silly install resolved     _npmVersion: '2.15.9',
118 silly install resolved     _nodeVersion: '4.5.0',
118 silly install resolved     _npmUser:
118 silly install resolved      { name: 'janhenrikoverland',
118 silly install resolved        email: 'janhenrik.overland@gmail.com' },
118 silly install resolved     dist:
118 silly install resolved      { shasum: 'addf9c70fedb04ea237115ab158ac79d75885c39',
118 silly install resolved        tarball: 'https://registry.npmjs.org/d2-utilizr/-/d2-utilizr-0.2.11.tgz' },
118 silly install resolved     maintainers: [ [Object], [Object] ],
118 silly install resolved     _npmOperationalInternal:
118 silly install resolved      { host: 'packages-12-west.internal.npmjs.com',
118 silly install resolved        tmp: 'tmp/d2-utilizr-0.2.11.tgz_1473426988205_0.4358003120869398' },
118 silly install resolved     directories: {},
118 silly install resolved     _resolved: 'https://registry.npmjs.org/d2-utilizr/-/d2-utilizr-0.2.11.tgz' } ]
119 info install d2-utilizr@0.2.11 into /home/janhov/dev/src/d2-charts-api
120 info installOne d2-utilizr@0.2.11
121 verbose installOne of d2-utilizr to /home/janhov/dev/src/d2-charts-api not in flight; installing
122 verbose correctMkdir /home/janhov/.npm/_locks correctMkdir not in flight; initializing
123 verbose lock using /home/janhov/.npm/_locks/d2-utilizr-189818490a8a8ff7.lock for /home/janhov/dev/src/d2-charts-api/node_modules/d2-utilizr
124 silly install write writing d2-utilizr 0.2.11 to /home/janhov/dev/src/d2-charts-api/node_modules/d2-utilizr
125 verbose unbuild node_modules/d2-utilizr
126 silly gentlyRm /home/janhov/dev/src/d2-charts-api/node_modules/d2-utilizr is being purged from base /home/janhov/dev/src/d2-charts-api
127 verbose gentlyRm don't care about contents; nuking /home/janhov/dev/src/d2-charts-api/node_modules/d2-utilizr
128 verbose tar unpack /home/janhov/.npm/d2-utilizr/0.2.11/package.tgz
129 verbose tar unpacking to /home/janhov/dev/src/d2-charts-api/node_modules/d2-utilizr
130 silly gentlyRm /home/janhov/dev/src/d2-charts-api/node_modules/d2-utilizr is being purged
131 verbose gentlyRm don't care about contents; nuking /home/janhov/dev/src/d2-charts-api/node_modules/d2-utilizr
132 silly gunzTarPerm modes [ '755', '644' ]
133 silly gunzTarPerm extractEntry package.json
134 silly gunzTarPerm extractEntry .npmignore
135 silly gunzTarPerm extractEntry README.md
136 silly gunzTarPerm extractEntry .idea/encodings.xml
137 silly gunzTarPerm extractEntry .idea/jsLibraryMappings.xml
138 silly gunzTarPerm extractEntry .idea/misc.xml
139 silly gunzTarPerm extractEntry .idea/modules.xml
140 silly gunzTarPerm extractEntry .idea/vcs.xml
141 silly gunzTarPerm extractEntry .idea/watcherTasks.xml
142 silly gunzTarPerm extractEntry .idea/workspace.xml
143 silly gunzTarPerm extractEntry lib/arrayClean.js
144 silly gunzTarPerm extractEntry lib/isArray.js
145 silly gunzTarPerm extractEntry lib/isArrayOfStrings.js
146 silly gunzTarPerm extractEntry lib/isBoolean.js
147 silly gunzTarPerm extractEntry lib/index.js
148 silly gunzTarPerm extractEntry lib/isEmpty.js
149 silly gunzTarPerm extractEntry lib/isFunction.js
150 silly gunzTarPerm extractEntry lib/isIE.js
151 silly gunzTarPerm extractEntry lib/isIterable.js
152 silly gunzTarPerm extractEntry lib/isNumber.js
153 silly gunzTarPerm extractEntry lib/clone.js
154 silly gunzTarPerm extractEntry lib/isNumeric.js
155 silly gunzTarPerm extractEntry lib/camelCaseToUnderscores.js
156 silly gunzTarPerm extractEntry lib/isObject.js
157 silly gunzTarPerm extractEntry lib/arrayUnique.js
158 silly gunzTarPerm extractEntry lib/isPrimitive.js
159 silly gunzTarPerm extractEntry lib/arrayTo.js
160 silly gunzTarPerm extractEntry lib/isString.js
161 silly gunzTarPerm extractEntry lib/arraySort.js
162 silly gunzTarPerm extractEntry lib/noop.js
163 silly gunzTarPerm extractEntry lib/arrayReplace.js
164 silly gunzTarPerm extractEntry lib/numberConstrain.js
165 silly gunzTarPerm extractEntry lib/arrayPluck.js
166 silly gunzTarPerm extractEntry lib/numberIsFinite.js
167 silly gunzTarPerm extractEntry lib/arrayMin.js
168 silly gunzTarPerm extractEntry lib/numberToFixed.js
169 silly gunzTarPerm extractEntry lib/arrayMax.js
170 silly gunzTarPerm extractEntry lib/objectApplyIf.js
171 silly gunzTarPerm extractEntry lib/arrayInsert.js
172 silly gunzTarPerm extractEntry lib/objectClean.js
173 silly gunzTarPerm extractEntry lib/arrayFrom.js
174 silly gunzTarPerm extractEntry lib/stringReplaceAll.js
175 silly gunzTarPerm extractEntry lib/arrayDifference.js
176 silly gunzTarPerm extractEntry lib/stringTrim.js
177 silly gunzTarPerm extractEntry lib/arrayContains.js
178 silly gunzTarPerm extractEntry lib/uuid.js
179 silly gunzTarPerm extractEntry lib/isDefined.js
180 silly gunzTarPerm extractEntry lib/arraySort.js.map
181 silly gunzTarPerm extractEntry lib/isEmpty.js.map
182 silly gunzTarPerm extractEntry lib/arrayDifference.js.map
183 silly gunzTarPerm extractEntry lib/isFunction.js.map
184 silly gunzTarPerm extractEntry lib/arrayTo.js.map
185 silly gunzTarPerm extractEntry lib/isIE.js.map
186 silly gunzTarPerm extractEntry lib/arrayMax.js.map
187 silly gunzTarPerm extractEntry lib/isIterable.js.map
188 silly gunzTarPerm extractEntry lib/arrayUnique.js.map
189 silly gunzTarPerm extractEntry lib/isNumber.js.map
190 silly gunzTarPerm extractEntry lib/arrayContains.js.map
191 silly gunzTarPerm extractEntry lib/isNumeric.js.map
192 silly gunzTarPerm extractEntry lib/camelCaseToUnderscores.js.map
193 silly gunzTarPerm extractEntry lib/isObject.js.map
194 silly gunzTarPerm extractEntry lib/arrayMin.js.map
195 silly gunzTarPerm extractEntry lib/isPrimitive.js.map
196 silly gunzTarPerm extractEntry lib/clone.js.map
197 silly gunzTarPerm extractEntry lib/isString.js.map
198 silly gunzTarPerm extractEntry lib/arrayFrom.js.map
199 silly gunzTarPerm extractEntry lib/noop.js.map
200 silly gunzTarPerm extractEntry lib/arrayPluck.js.map
201 silly gunzTarPerm extractEntry lib/numberConstrain.js.map
202 silly gunzTarPerm extractEntry lib/isArray.js.map
203 silly gunzTarPerm extractEntry lib/numberIsFinite.js.map
204 silly gunzTarPerm extractEntry lib/uuid.js.map
205 silly gunzTarPerm extractEntry lib/numberToFixed.js.map
206 silly gunzTarPerm extractEntry lib/isArrayOfStrings.js.map
207 silly gunzTarPerm extractEntry lib/objectApplyIf.js.map
208 silly gunzTarPerm extractEntry lib/arrayReplace.js.map
209 silly gunzTarPerm extractEntry lib/objectClean.js.map
210 silly gunzTarPerm extractEntry lib/isBoolean.js.map
211 silly gunzTarPerm extractEntry lib/stringReplaceAll.js.map
212 silly gunzTarPerm extractEntry lib/arrayInsert.js.map
213 silly gunzTarPerm extractEntry lib/stringTrim.js.map
214 silly gunzTarPerm extractEntry lib/arrayClean.js.map
215 silly gunzTarPerm extractEntry lib/isDefined.js.map
216 silly gunzTarPerm extractEntry src/arrayClean.js
217 silly gunzTarPerm extractEntry src/isArray.js
218 silly gunzTarPerm extractEntry src/isArrayOfStrings.js
219 silly gunzTarPerm extractEntry src/isBoolean.js
220 silly gunzTarPerm extractEntry src/index.js
221 silly gunzTarPerm extractEntry src/isEmpty.js
222 silly gunzTarPerm extractEntry src/isFunction.js
223 silly gunzTarPerm extractEntry src/isIE.js
224 silly gunzTarPerm extractEntry src/isIterable.js
225 silly gunzTarPerm extractEntry src/isNumber.js
226 silly gunzTarPerm extractEntry src/clone.js
227 silly gunzTarPerm extractEntry src/isNumeric.js
228 silly gunzTarPerm extractEntry src/camelCaseToUnderscores.js
229 silly gunzTarPerm extractEntry src/isObject.js
230 silly gunzTarPerm extractEntry src/arrayUnique.js
231 silly gunzTarPerm extractEntry src/isPrimitive.js
232 silly gunzTarPerm extractEntry src/arrayTo.js
233 silly gunzTarPerm extractEntry src/isString.js
234 silly gunzTarPerm extractEntry src/arraySort.js
235 silly gunzTarPerm extractEntry src/noop.js
236 silly gunzTarPerm extractEntry src/arrayReplace.js
237 silly gunzTarPerm extractEntry src/numberConstrain.js
238 silly gunzTarPerm extractEntry src/arrayPluck.js
239 silly gunzTarPerm extractEntry src/numberIsFinite.js
240 silly gunzTarPerm extractEntry src/arrayMin.js
241 silly gunzTarPerm extractEntry src/numberToFixed.js
242 silly gunzTarPerm extractEntry src/arrayMax.js
243 silly gunzTarPerm extractEntry src/objectApplyIf.js
244 silly gunzTarPerm extractEntry src/arrayInsert.js
245 silly gunzTarPerm extractEntry src/objectClean.js
246 silly gunzTarPerm extractEntry src/arrayFrom.js
247 silly gunzTarPerm extractEntry src/stringReplaceAll.js
248 silly gunzTarPerm extractEntry src/arrayDifference.js
249 silly gunzTarPerm extractEntry src/stringTrim.js
250 silly gunzTarPerm extractEntry src/arrayContains.js
251 silly gunzTarPerm extractEntry src/uuid.js
252 silly gunzTarPerm extractEntry src/isDefined.js
253 verbose write writing to /home/janhov/dev/src/d2-charts-api/node_modules/d2-utilizr/package.json
254 info preinstall d2-utilizr@0.2.11
255 verbose readDependencies loading dependencies from /home/janhov/dev/src/d2-charts-api/node_modules/d2-utilizr/package.json
256 silly prepareForInstallMany adding lodash.isboolean@^3.0.3 from d2-utilizr dependencies
257 silly prepareForInstallMany adding lodash.isfunction@^3.0.8 from d2-utilizr dependencies
258 silly prepareForInstallMany adding lodash.ismap@^4.3.0 from d2-utilizr dependencies
259 silly prepareForInstallMany adding lodash.isnumber@^3.0.3 from d2-utilizr dependencies
260 silly prepareForInstallMany adding lodash.isobject@^3.0.2 from d2-utilizr dependencies
261 silly prepareForInstallMany adding lodash.isset@^4.3.0 from d2-utilizr dependencies
262 silly prepareForInstallMany adding lodash.isstring@^4.0.1 from d2-utilizr dependencies
263 verbose readDependencies loading dependencies from /home/janhov/dev/src/d2-charts-api/node_modules/d2-utilizr/package.json
264 silly cache add args [ 'lodash.isboolean@^3.0.3', null ]
265 verbose cache add spec lodash.isboolean@^3.0.3
266 silly cache add args [ 'lodash.isfunction@^3.0.8', null ]
267 verbose cache add spec lodash.isfunction@^3.0.8
268 silly cache add parsed spec Result {
268 silly cache add   raw: 'lodash.isboolean@^3.0.3',
268 silly cache add   scope: null,
268 silly cache add   name: 'lodash.isboolean',
268 silly cache add   rawSpec: '^3.0.3',
268 silly cache add   spec: '>=3.0.3 <4.0.0',
268 silly cache add   type: 'range' }
269 silly addNamed lodash.isboolean@>=3.0.3 <4.0.0
270 verbose addNamed ">=3.0.3 <4.0.0" is a valid semver range for lodash.isboolean
271 silly addNameRange { name: 'lodash.isboolean',
271 silly addNameRange   range: '>=3.0.3 <4.0.0',
271 silly addNameRange   hasData: false }
272 silly mapToRegistry name lodash.isboolean
273 silly mapToRegistry using default registry
274 silly mapToRegistry registry https://registry.npmjs.org/
275 silly mapToRegistry data Result {
275 silly mapToRegistry   raw: 'lodash.isboolean',
275 silly mapToRegistry   scope: null,
275 silly mapToRegistry   name: 'lodash.isboolean',
275 silly mapToRegistry   rawSpec: '',
275 silly mapToRegistry   spec: 'latest',
275 silly mapToRegistry   type: 'tag' }
276 silly mapToRegistry uri https://registry.npmjs.org/lodash.isboolean
277 verbose addNameRange registry:https://registry.npmjs.org/lodash.isboolean not in flight; fetching
278 silly cache add parsed spec Result {
278 silly cache add   raw: 'lodash.isfunction@^3.0.8',
278 silly cache add   scope: null,
278 silly cache add   name: 'lodash.isfunction',
278 silly cache add   rawSpec: '^3.0.8',
278 silly cache add   spec: '>=3.0.8 <4.0.0',
278 silly cache add   type: 'range' }
279 silly addNamed lodash.isfunction@>=3.0.8 <4.0.0
280 verbose addNamed ">=3.0.8 <4.0.0" is a valid semver range for lodash.isfunction
281 silly addNameRange { name: 'lodash.isfunction',
281 silly addNameRange   range: '>=3.0.8 <4.0.0',
281 silly addNameRange   hasData: false }
282 silly mapToRegistry name lodash.isfunction
283 silly mapToRegistry using default registry
284 silly mapToRegistry registry https://registry.npmjs.org/
285 silly mapToRegistry data Result {
285 silly mapToRegistry   raw: 'lodash.isfunction',
285 silly mapToRegistry   scope: null,
285 silly mapToRegistry   name: 'lodash.isfunction',
285 silly mapToRegistry   rawSpec: '',
285 silly mapToRegistry   spec: 'latest',
285 silly mapToRegistry   type: 'tag' }
286 silly mapToRegistry uri https://registry.npmjs.org/lodash.isfunction
287 verbose addNameRange registry:https://registry.npmjs.org/lodash.isfunction not in flight; fetching
288 silly cache add args [ 'lodash.ismap@^4.3.0', null ]
289 verbose cache add spec lodash.ismap@^4.3.0
290 silly cache add parsed spec Result {
290 silly cache add   raw: 'lodash.ismap@^4.3.0',
290 silly cache add   scope: null,
290 silly cache add   name: 'lodash.ismap',
290 silly cache add   rawSpec: '^4.3.0',
290 silly cache add   spec: '>=4.3.0 <5.0.0',
290 silly cache add   type: 'range' }
291 silly addNamed lodash.ismap@>=4.3.0 <5.0.0
292 verbose addNamed ">=4.3.0 <5.0.0" is a valid semver range for lodash.ismap
293 silly addNameRange { name: 'lodash.ismap', range: '>=4.3.0 <5.0.0', hasData: false }
294 silly mapToRegistry name lodash.ismap
295 silly mapToRegistry using default registry
296 silly mapToRegistry registry https://registry.npmjs.org/
297 silly mapToRegistry data Result {
297 silly mapToRegistry   raw: 'lodash.ismap',
297 silly mapToRegistry   scope: null,
297 silly mapToRegistry   name: 'lodash.ismap',
297 silly mapToRegistry   rawSpec: '',
297 silly mapToRegistry   spec: 'latest',
297 silly mapToRegistry   type: 'tag' }
298 silly mapToRegistry uri https://registry.npmjs.org/lodash.ismap
299 verbose addNameRange registry:https://registry.npmjs.org/lodash.ismap not in flight; fetching
300 silly cache add args [ 'lodash.isnumber@^3.0.3', null ]
301 verbose cache add spec lodash.isnumber@^3.0.3
302 silly cache add parsed spec Result {
302 silly cache add   raw: 'lodash.isnumber@^3.0.3',
302 silly cache add   scope: null,
302 silly cache add   name: 'lodash.isnumber',
302 silly cache add   rawSpec: '^3.0.3',
302 silly cache add   spec: '>=3.0.3 <4.0.0',
302 silly cache add   type: 'range' }
303 silly addNamed lodash.isnumber@>=3.0.3 <4.0.0
304 verbose addNamed ">=3.0.3 <4.0.0" is a valid semver range for lodash.isnumber
305 silly addNameRange { name: 'lodash.isnumber',
305 silly addNameRange   range: '>=3.0.3 <4.0.0',
305 silly addNameRange   hasData: false }
306 silly mapToRegistry name lodash.isnumber
307 silly mapToRegistry using default registry
308 silly mapToRegistry registry https://registry.npmjs.org/
309 silly mapToRegistry data Result {
309 silly mapToRegistry   raw: 'lodash.isnumber',
309 silly mapToRegistry   scope: null,
309 silly mapToRegistry   name: 'lodash.isnumber',
309 silly mapToRegistry   rawSpec: '',
309 silly mapToRegistry   spec: 'latest',
309 silly mapToRegistry   type: 'tag' }
310 silly mapToRegistry uri https://registry.npmjs.org/lodash.isnumber
311 verbose addNameRange registry:https://registry.npmjs.org/lodash.isnumber not in flight; fetching
312 silly cache add args [ 'lodash.isobject@^3.0.2', null ]
313 verbose cache add spec lodash.isobject@^3.0.2
314 silly cache add parsed spec Result {
314 silly cache add   raw: 'lodash.isobject@^3.0.2',
314 silly cache add   scope: null,
314 silly cache add   name: 'lodash.isobject',
314 silly cache add   rawSpec: '^3.0.2',
314 silly cache add   spec: '>=3.0.2 <4.0.0',
314 silly cache add   type: 'range' }
315 silly addNamed lodash.isobject@>=3.0.2 <4.0.0
316 verbose addNamed ">=3.0.2 <4.0.0" is a valid semver range for lodash.isobject
317 silly addNameRange { name: 'lodash.isobject',
317 silly addNameRange   range: '>=3.0.2 <4.0.0',
317 silly addNameRange   hasData: false }
318 silly mapToRegistry name lodash.isobject
319 silly mapToRegistry using default registry
320 silly mapToRegistry registry https://registry.npmjs.org/
321 silly mapToRegistry data Result {
321 silly mapToRegistry   raw: 'lodash.isobject',
321 silly mapToRegistry   scope: null,
321 silly mapToRegistry   name: 'lodash.isobject',
321 silly mapToRegistry   rawSpec: '',
321 silly mapToRegistry   spec: 'latest',
321 silly mapToRegistry   type: 'tag' }
322 silly mapToRegistry uri https://registry.npmjs.org/lodash.isobject
323 verbose addNameRange registry:https://registry.npmjs.org/lodash.isobject not in flight; fetching
324 silly cache add args [ 'lodash.isset@^4.3.0', null ]
325 verbose cache add spec lodash.isset@^4.3.0
326 silly cache add parsed spec Result {
326 silly cache add   raw: 'lodash.isset@^4.3.0',
326 silly cache add   scope: null,
326 silly cache add   name: 'lodash.isset',
326 silly cache add   rawSpec: '^4.3.0',
326 silly cache add   spec: '>=4.3.0 <5.0.0',
326 silly cache add   type: 'range' }
327 silly addNamed lodash.isset@>=4.3.0 <5.0.0
328 verbose addNamed ">=4.3.0 <5.0.0" is a valid semver range for lodash.isset
329 silly addNameRange { name: 'lodash.isset', range: '>=4.3.0 <5.0.0', hasData: false }
330 silly mapToRegistry name lodash.isset
331 silly mapToRegistry using default registry
332 silly mapToRegistry registry https://registry.npmjs.org/
333 silly mapToRegistry data Result {
333 silly mapToRegistry   raw: 'lodash.isset',
333 silly mapToRegistry   scope: null,
333 silly mapToRegistry   name: 'lodash.isset',
333 silly mapToRegistry   rawSpec: '',
333 silly mapToRegistry   spec: 'latest',
333 silly mapToRegistry   type: 'tag' }
334 silly mapToRegistry uri https://registry.npmjs.org/lodash.isset
335 verbose addNameRange registry:https://registry.npmjs.org/lodash.isset not in flight; fetching
336 silly cache add args [ 'lodash.isstring@^4.0.1', null ]
337 verbose cache add spec lodash.isstring@^4.0.1
338 silly cache add parsed spec Result {
338 silly cache add   raw: 'lodash.isstring@^4.0.1',
338 silly cache add   scope: null,
338 silly cache add   name: 'lodash.isstring',
338 silly cache add   rawSpec: '^4.0.1',
338 silly cache add   spec: '>=4.0.1 <5.0.0',
338 silly cache add   type: 'range' }
339 silly addNamed lodash.isstring@>=4.0.1 <5.0.0
340 verbose addNamed ">=4.0.1 <5.0.0" is a valid semver range for lodash.isstring
341 silly addNameRange { name: 'lodash.isstring',
341 silly addNameRange   range: '>=4.0.1 <5.0.0',
341 silly addNameRange   hasData: false }
342 silly mapToRegistry name lodash.isstring
343 silly mapToRegistry using default registry
344 silly mapToRegistry registry https://registry.npmjs.org/
345 silly mapToRegistry data Result {
345 silly mapToRegistry   raw: 'lodash.isstring',
345 silly mapToRegistry   scope: null,
345 silly mapToRegistry   name: 'lodash.isstring',
345 silly mapToRegistry   rawSpec: '',
345 silly mapToRegistry   spec: 'latest',
345 silly mapToRegistry   type: 'tag' }
346 silly mapToRegistry uri https://registry.npmjs.org/lodash.isstring
347 verbose addNameRange registry:https://registry.npmjs.org/lodash.isstring not in flight; fetching
348 verbose request uri https://registry.npmjs.org/lodash.isfunction
349 verbose request no auth needed
350 info attempt registry request try #1 at 5:10:45 PM
351 verbose request using bearer token for auth
352 verbose etag "867PKBCNXJ90DHLEHWOKZGNP"
353 http request GET https://registry.npmjs.org/lodash.isfunction
354 verbose request uri https://registry.npmjs.org/lodash.isboolean
355 verbose request no auth needed
356 info attempt registry request try #1 at 5:10:45 PM
357 verbose request using bearer token for auth
358 verbose etag "30V8HNA4XUV0LPYLLYRHHHPGV"
359 http request GET https://registry.npmjs.org/lodash.isboolean
360 verbose request uri https://registry.npmjs.org/lodash.ismap
361 verbose request no auth needed
362 info attempt registry request try #1 at 5:10:45 PM
363 verbose request using bearer token for auth
364 verbose etag "E0HJSKNBIPWOJHX3WCEHVK9CV"
365 http request GET https://registry.npmjs.org/lodash.ismap
366 verbose request uri https://registry.npmjs.org/lodash.isnumber
367 verbose request no auth needed
368 info attempt registry request try #1 at 5:10:45 PM
369 verbose request using bearer token for auth
370 verbose etag "A2P518BWVZ8BHFXYEGYNAVO3G"
371 http request GET https://registry.npmjs.org/lodash.isnumber
372 verbose request uri https://registry.npmjs.org/lodash.isobject
373 verbose request no auth needed
374 info attempt registry request try #1 at 5:10:45 PM
375 verbose request using bearer token for auth
376 verbose etag "54AJ7F5WNL8B2YUQNFJ5D3KQ5"
377 http request GET https://registry.npmjs.org/lodash.isobject
378 verbose request uri https://registry.npmjs.org/lodash.isset
379 verbose request no auth needed
380 info attempt registry request try #1 at 5:10:45 PM
381 verbose request using bearer token for auth
382 verbose etag "9HS50DCY9WZYV0TRR3SFWHSX9"
383 http request GET https://registry.npmjs.org/lodash.isset
384 verbose request uri https://registry.npmjs.org/lodash.isstring
385 verbose request no auth needed
386 info attempt registry request try #1 at 5:10:45 PM
387 verbose request using bearer token for auth
388 verbose etag "88FOCX15DH5Z7DM9GAQ21SVQX"
389 http request GET https://registry.npmjs.org/lodash.isstring
390 http 304 https://registry.npmjs.org/lodash.isfunction
391 verbose headers { 'cache-control': 'max-age=300',
391 verbose headers   'accept-ranges': 'bytes',
391 verbose headers   date: 'Fri, 09 Sep 2016 15:10:44 GMT',
391 verbose headers   via: '1.1 varnish',
391 verbose headers   connection: 'keep-alive',
391 verbose headers   'x-served-by': 'cache-fra1243-FRA',
391 verbose headers   'x-cache': 'MISS',
391 verbose headers   'x-cache-hits': '0',
391 verbose headers   'x-timer': 'S1473433844.717974,VS0,VE122',
391 verbose headers   vary: 'Accept-Encoding' }
392 silly get cb [ 304,
392 silly get   { 'cache-control': 'max-age=300',
392 silly get     'accept-ranges': 'bytes',
392 silly get     date: 'Fri, 09 Sep 2016 15:10:44 GMT',
392 silly get     via: '1.1 varnish',
392 silly get     connection: 'keep-alive',
392 silly get     'x-served-by': 'cache-fra1243-FRA',
392 silly get     'x-cache': 'MISS',
392 silly get     'x-cache-hits': '0',
392 silly get     'x-timer': 'S1473433844.717974,VS0,VE122',
392 silly get     vary: 'Accept-Encoding' } ]
393 verbose etag https://registry.npmjs.org/lodash.isfunction from cache
394 verbose get saving lodash.isfunction to /home/janhov/.npm/registry.npmjs.org/lodash.isfunction/.cache.json
395 verbose correctMkdir /home/janhov/.npm correctMkdir not in flight; initializing
396 silly addNameRange number 2 { name: 'lodash.isfunction',
396 silly addNameRange   range: '>=3.0.8 <4.0.0',
396 silly addNameRange   hasData: true }
397 silly addNameRange versions [ 'lodash.isfunction',
397 silly addNameRange   [ '2.0.0',
397 silly addNameRange     '2.1.0',
397 silly addNameRange     '2.2.0',
397 silly addNameRange     '2.2.1',
397 silly addNameRange     '2.3.0',
397 silly addNameRange     '2.4.0',
397 silly addNameRange     '2.4.1',
397 silly addNameRange     '3.0.0',
397 silly addNameRange     '3.0.1',
397 silly addNameRange     '3.0.2',
397 silly addNameRange     '3.0.3',
397 silly addNameRange     '3.0.4',
397 silly addNameRange     '3.0.5',
397 silly addNameRange     '3.0.6',
397 silly addNameRange     '3.0.7',
397 silly addNameRange     '3.0.8' ] ]
398 silly addNamed lodash.isfunction@3.0.8
399 verbose addNamed "3.0.8" is a plain semver version for lodash.isfunction
400 silly cache afterAdd lodash.isfunction@3.0.8
401 verbose afterAdd /home/janhov/.npm/lodash.isfunction/3.0.8/package/package.json not in flight; writing
402 verbose correctMkdir /home/janhov/.npm correctMkdir not in flight; initializing
403 verbose afterAdd /home/janhov/.npm/lodash.isfunction/3.0.8/package/package.json written
404 http 304 https://registry.npmjs.org/lodash.ismap
405 verbose headers { 'cache-control': 'max-age=300',
405 verbose headers   'accept-ranges': 'bytes',
405 verbose headers   date: 'Fri, 09 Sep 2016 15:10:44 GMT',
405 verbose headers   via: '1.1 varnish',
405 verbose headers   connection: 'keep-alive',
405 verbose headers   'x-served-by': 'cache-bma7024-BMA',
405 verbose headers   'x-cache': 'MISS',
405 verbose headers   'x-cache-hits': '0',
405 verbose headers   'x-timer': 'S1473433844.837951,VS0,VE118',
405 verbose headers   vary: 'Accept-Encoding' }
406 silly get cb [ 304,
406 silly get   { 'cache-control': 'max-age=300',
406 silly get     'accept-ranges': 'bytes',
406 silly get     date: 'Fri, 09 Sep 2016 15:10:44 GMT',
406 silly get     via: '1.1 varnish',
406 silly get     connection: 'keep-alive',
406 silly get     'x-served-by': 'cache-bma7024-BMA',
406 silly get     'x-cache': 'MISS',
406 silly get     'x-cache-hits': '0',
406 silly get     'x-timer': 'S1473433844.837951,VS0,VE118',
406 silly get     vary: 'Accept-Encoding' } ]
407 verbose etag https://registry.npmjs.org/lodash.ismap from cache
408 verbose get saving lodash.ismap to /home/janhov/.npm/registry.npmjs.org/lodash.ismap/.cache.json
409 verbose correctMkdir /home/janhov/.npm correctMkdir not in flight; initializing
410 silly addNameRange number 2 { name: 'lodash.ismap', range: '>=4.3.0 <5.0.0', hasData: true }
411 silly addNameRange versions [ 'lodash.ismap',
411 silly addNameRange   [ '4.3.0',
411 silly addNameRange     '4.3.1',
411 silly addNameRange     '4.3.2',
411 silly addNameRange     '4.3.3',
411 silly addNameRange     '4.3.4',
411 silly addNameRange     '4.4.0',
411 silly addNameRange     '4.4.1',
411 silly addNameRange     '4.4.2' ] ]
412 silly addNamed lodash.ismap@4.4.2
413 verbose addNamed "4.4.2" is a plain semver version for lodash.ismap
414 silly cache afterAdd lodash.ismap@4.4.2
415 verbose afterAdd /home/janhov/.npm/lodash.ismap/4.4.2/package/package.json not in flight; writing
416 verbose correctMkdir /home/janhov/.npm correctMkdir not in flight; initializing
417 verbose afterAdd /home/janhov/.npm/lodash.ismap/4.4.2/package/package.json written
418 http 304 https://registry.npmjs.org/lodash.isobject
419 verbose headers { 'cache-control': 'max-age=300',
419 verbose headers   'accept-ranges': 'bytes',
419 verbose headers   date: 'Fri, 09 Sep 2016 15:10:45 GMT',
419 verbose headers   via: '1.1 varnish',
419 verbose headers   connection: 'keep-alive',
419 verbose headers   'x-served-by': 'cache-bma7035-BMA',
419 verbose headers   'x-cache': 'MISS',
419 verbose headers   'x-cache-hits': '0',
419 verbose headers   'x-timer': 'S1473433844.825761,VS0,VE197',
419 verbose headers   vary: 'Accept-Encoding' }
420 silly get cb [ 304,
420 silly get   { 'cache-control': 'max-age=300',
420 silly get     'accept-ranges': 'bytes',
420 silly get     date: 'Fri, 09 Sep 2016 15:10:45 GMT',
420 silly get     via: '1.1 varnish',
420 silly get     connection: 'keep-alive',
420 silly get     'x-served-by': 'cache-bma7035-BMA',
420 silly get     'x-cache': 'MISS',
420 silly get     'x-cache-hits': '0',
420 silly get     'x-timer': 'S1473433844.825761,VS0,VE197',
420 silly get     vary: 'Accept-Encoding' } ]
421 verbose etag https://registry.npmjs.org/lodash.isobject from cache
422 verbose get saving lodash.isobject to /home/janhov/.npm/registry.npmjs.org/lodash.isobject/.cache.json
423 verbose correctMkdir /home/janhov/.npm correctMkdir not in flight; initializing
424 silly addNameRange number 2 { name: 'lodash.isobject',
424 silly addNameRange   range: '>=3.0.2 <4.0.0',
424 silly addNameRange   hasData: true }
425 silly addNameRange versions [ 'lodash.isobject',
425 silly addNameRange   [ '2.0.0',
425 silly addNameRange     '2.1.0',
425 silly addNameRange     '2.2.0',
425 silly addNameRange     '2.2.1',
425 silly addNameRange     '2.3.0',
425 silly addNameRange     '2.4.0',
425 silly addNameRange     '2.4.1',
425 silly addNameRange     '3.0.0',
425 silly addNameRange     '3.0.1',
425 silly addNameRange     '3.0.2' ] ]
426 silly addNamed lodash.isobject@3.0.2
427 verbose addNamed "3.0.2" is a plain semver version for lodash.isobject
428 silly cache afterAdd lodash.isobject@3.0.2
429 verbose afterAdd /home/janhov/.npm/lodash.isobject/3.0.2/package/package.json not in flight; writing
430 verbose correctMkdir /home/janhov/.npm correctMkdir not in flight; initializing
431 verbose afterAdd /home/janhov/.npm/lodash.isobject/3.0.2/package/package.json written
432 http 304 https://registry.npmjs.org/lodash.isset
433 verbose headers { 'cache-control': 'max-age=300',
433 verbose headers   'accept-ranges': 'bytes',
433 verbose headers   date: 'Fri, 09 Sep 2016 15:10:45 GMT',
433 verbose headers   via: '1.1 varnish',
433 verbose headers   connection: 'keep-alive',
433 verbose headers   'x-served-by': 'cache-bma7025-BMA',
433 verbose headers   'x-cache': 'MISS',
433 verbose headers   'x-cache-hits': '0',
433 verbose headers   'x-timer': 'S1473433844.925320,VS0,VE131',
433 verbose headers   vary: 'Accept-Encoding' }
434 silly get cb [ 304,
434 silly get   { 'cache-control': 'max-age=300',
434 silly get     'accept-ranges': 'bytes',
434 silly get     date: 'Fri, 09 Sep 2016 15:10:45 GMT',
434 silly get     via: '1.1 varnish',
434 silly get     connection: 'keep-alive',
434 silly get     'x-served-by': 'cache-bma7025-BMA',
434 silly get     'x-cache': 'MISS',
434 silly get     'x-cache-hits': '0',
434 silly get     'x-timer': 'S1473433844.925320,VS0,VE131',
434 silly get     vary: 'Accept-Encoding' } ]
435 verbose etag https://registry.npmjs.org/lodash.isset from cache
436 verbose get saving lodash.isset to /home/janhov/.npm/registry.npmjs.org/lodash.isset/.cache.json
437 verbose correctMkdir /home/janhov/.npm correctMkdir not in flight; initializing
438 silly addNameRange number 2 { name: 'lodash.isset', range: '>=4.3.0 <5.0.0', hasData: true }
439 silly addNameRange versions [ 'lodash.isset',
439 silly addNameRange   [ '4.3.0',
439 silly addNameRange     '4.3.1',
439 silly addNameRange     '4.3.2',
439 silly addNameRange     '4.3.3',
439 silly addNameRange     '4.3.4',
439 silly addNameRange     '4.4.0',
439 silly addNameRange     '4.4.1',
439 silly addNameRange     '4.4.2' ] ]
440 silly addNamed lodash.isset@4.4.2
441 verbose addNamed "4.4.2" is a plain semver version for lodash.isset
442 silly cache afterAdd lodash.isset@4.4.2
443 verbose afterAdd /home/janhov/.npm/lodash.isset/4.4.2/package/package.json not in flight; writing
444 verbose correctMkdir /home/janhov/.npm correctMkdir not in flight; initializing
445 verbose afterAdd /home/janhov/.npm/lodash.isset/4.4.2/package/package.json written
446 http 304 https://registry.npmjs.org/lodash.isboolean
447 verbose headers { 'cache-control': 'max-age=300',
447 verbose headers   'accept-ranges': 'bytes',
447 verbose headers   date: 'Fri, 09 Sep 2016 15:10:45 GMT',
447 verbose headers   via: '1.1 varnish',
447 verbose headers   connection: 'keep-alive',
447 verbose headers   'x-served-by': 'cache-bma7025-BMA',
447 verbose headers   'x-cache': 'MISS',
447 verbose headers   'x-cache-hits': '0',
447 verbose headers   'x-timer': 'S1473433844.857621,VS0,VE208',
447 verbose headers   vary: 'Accept-Encoding' }
448 silly get cb [ 304,
448 silly get   { 'cache-control': 'max-age=300',
448 silly get     'accept-ranges': 'bytes',
448 silly get     date: 'Fri, 09 Sep 2016 15:10:45 GMT',
448 silly get     via: '1.1 varnish',
448 silly get     connection: 'keep-alive',
448 silly get     'x-served-by': 'cache-bma7025-BMA',
448 silly get     'x-cache': 'MISS',
448 silly get     'x-cache-hits': '0',
448 silly get     'x-timer': 'S1473433844.857621,VS0,VE208',
448 silly get     vary: 'Accept-Encoding' } ]
449 verbose etag https://registry.npmjs.org/lodash.isboolean from cache
450 verbose get saving lodash.isboolean to /home/janhov/.npm/registry.npmjs.org/lodash.isboolean/.cache.json
451 verbose correctMkdir /home/janhov/.npm correctMkdir not in flight; initializing
452 silly addNameRange number 2 { name: 'lodash.isboolean',
452 silly addNameRange   range: '>=3.0.3 <4.0.0',
452 silly addNameRange   hasData: true }
453 silly addNameRange versions [ 'lodash.isboolean',
453 silly addNameRange   [ '2.0.0',
453 silly addNameRange     '2.1.0',
453 silly addNameRange     '2.2.0',
453 silly addNameRange     '2.2.1',
453 silly addNameRange     '2.3.0',
453 silly addNameRange     '2.4.0',
453 silly addNameRange     '2.4.1',
453 silly addNameRange     '3.0.0',
453 silly addNameRange     '3.0.1',
453 silly addNameRange     '3.0.2',
453 silly addNameRange     '3.0.3' ] ]
454 silly addNamed lodash.isboolean@3.0.3
455 verbose addNamed "3.0.3" is a plain semver version for lodash.isboolean
456 silly cache afterAdd lodash.isboolean@3.0.3
457 verbose afterAdd /home/janhov/.npm/lodash.isboolean/3.0.3/package/package.json not in flight; writing
458 verbose correctMkdir /home/janhov/.npm correctMkdir not in flight; initializing
459 verbose afterAdd /home/janhov/.npm/lodash.isboolean/3.0.3/package/package.json written
460 http 304 https://registry.npmjs.org/lodash.isnumber
461 verbose headers { 'cache-control': 'max-age=300',
461 verbose headers   'accept-ranges': 'bytes',
461 verbose headers   date: 'Fri, 09 Sep 2016 15:10:45 GMT',
461 verbose headers   via: '1.1 varnish',
461 verbose headers   connection: 'keep-alive',
461 verbose headers   'x-served-by': 'cache-bma7029-BMA',
461 verbose headers   'x-cache': 'MISS',
461 verbose headers   'x-cache-hits': '0',
461 verbose headers   'x-timer': 'S1473433844.817974,VS0,VE341',
461 verbose headers   vary: 'Accept-Encoding' }
462 silly get cb [ 304,
462 silly get   { 'cache-control': 'max-age=300',
462 silly get     'accept-ranges': 'bytes',
462 silly get     date: 'Fri, 09 Sep 2016 15:10:45 GMT',
462 silly get     via: '1.1 varnish',
462 silly get     connection: 'keep-alive',
462 silly get     'x-served-by': 'cache-bma7029-BMA',
462 silly get     'x-cache': 'MISS',
462 silly get     'x-cache-hits': '0',
462 silly get     'x-timer': 'S1473433844.817974,VS0,VE341',
462 silly get     vary: 'Accept-Encoding' } ]
463 verbose etag https://registry.npmjs.org/lodash.isnumber from cache
464 verbose get saving lodash.isnumber to /home/janhov/.npm/registry.npmjs.org/lodash.isnumber/.cache.json
465 verbose correctMkdir /home/janhov/.npm correctMkdir not in flight; initializing
466 silly addNameRange number 2 { name: 'lodash.isnumber',
466 silly addNameRange   range: '>=3.0.3 <4.0.0',
466 silly addNameRange   hasData: true }
467 silly addNameRange versions [ 'lodash.isnumber',
467 silly addNameRange   [ '2.0.0',
467 silly addNameRange     '2.1.0',
467 silly addNameRange     '2.2.0',
467 silly addNameRange     '2.2.1',
467 silly addNameRange     '2.3.0',
467 silly addNameRange     '2.4.0',
467 silly addNameRange     '2.4.1',
467 silly addNameRange     '3.0.0',
467 silly addNameRange     '3.0.1',
467 silly addNameRange     '3.0.2',
467 silly addNameRange     '3.0.3' ] ]
468 silly addNamed lodash.isnumber@3.0.3
469 verbose addNamed "3.0.3" is a plain semver version for lodash.isnumber
470 silly cache afterAdd lodash.isnumber@3.0.3
471 verbose afterAdd /home/janhov/.npm/lodash.isnumber/3.0.3/package/package.json not in flight; writing
472 verbose correctMkdir /home/janhov/.npm correctMkdir not in flight; initializing
473 verbose afterAdd /home/janhov/.npm/lodash.isnumber/3.0.3/package/package.json written
474 http 304 https://registry.npmjs.org/lodash.isstring
475 verbose headers { 'cache-control': 'max-age=300',
475 verbose headers   'accept-ranges': 'bytes',
475 verbose headers   date: 'Fri, 09 Sep 2016 15:10:45 GMT',
475 verbose headers   via: '1.1 varnish',
475 verbose headers   connection: 'keep-alive',
475 verbose headers   'x-served-by': 'cache-bma7020-BMA',
475 verbose headers   'x-cache': 'MISS',
475 verbose headers   'x-cache-hits': '0',
475 verbose headers   'x-timer': 'S1473433844.919381,VS0,VE458',
475 verbose headers   vary: 'Accept-Encoding' }
476 silly get cb [ 304,
476 silly get   { 'cache-control': 'max-age=300',
476 silly get     'accept-ranges': 'bytes',
476 silly get     date: 'Fri, 09 Sep 2016 15:10:45 GMT',
476 silly get     via: '1.1 varnish',
476 silly get     connection: 'keep-alive',
476 silly get     'x-served-by': 'cache-bma7020-BMA',
476 silly get     'x-cache': 'MISS',
476 silly get     'x-cache-hits': '0',
476 silly get     'x-timer': 'S1473433844.919381,VS0,VE458',
476 silly get     vary: 'Accept-Encoding' } ]
477 verbose etag https://registry.npmjs.org/lodash.isstring from cache
478 verbose get saving lodash.isstring to /home/janhov/.npm/registry.npmjs.org/lodash.isstring/.cache.json
479 verbose correctMkdir /home/janhov/.npm correctMkdir not in flight; initializing
480 silly addNameRange number 2 { name: 'lodash.isstring',
480 silly addNameRange   range: '>=4.0.1 <5.0.0',
480 silly addNameRange   hasData: true }
481 silly addNameRange versions [ 'lodash.isstring',
481 silly addNameRange   [ '2.0.0',
481 silly addNameRange     '2.1.0',
481 silly addNameRange     '2.2.0',
481 silly addNameRange     '2.2.1',
481 silly addNameRange     '2.3.0',
481 silly addNameRange     '2.4.0',
481 silly addNameRange     '2.4.1',
481 silly addNameRange     '3.0.0',
481 silly addNameRange     '3.0.1',
481 silly addNameRange     '4.0.0',
481 silly addNameRange     '4.0.1' ] ]
482 silly addNamed lodash.isstring@4.0.1
483 verbose addNamed "4.0.1" is a plain semver version for lodash.isstring
484 silly cache afterAdd lodash.isstring@4.0.1
485 verbose afterAdd /home/janhov/.npm/lodash.isstring/4.0.1/package/package.json not in flight; writing
486 verbose correctMkdir /home/janhov/.npm correctMkdir not in flight; initializing
487 verbose afterAdd /home/janhov/.npm/lodash.isstring/4.0.1/package/package.json written
488 silly install resolved [ { name: 'lodash.isfunction',
488 silly install resolved     version: '3.0.8',
488 silly install resolved     description: 'The lodash method `_.isFunction` exported as a module.',
488 silly install resolved     homepage: 'https://lodash.com/',
488 silly install resolved     icon: 'https://lodash.com/icon.svg',
488 silly install resolved     license: 'MIT',
488 silly install resolved     keywords: [ 'lodash-modularized', 'isfunction' ],
488 silly install resolved     author:
488 silly install resolved      { name: 'John-David Dalton',
488 silly install resolved        email: 'john.david.dalton@gmail.com',
488 silly install resolved        url: 'http://allyoucanleet.com/' },
488 silly install resolved     contributors: [ [Object], [Object], [Object] ],
488 silly install resolved     repository: { type: 'git', url: 'git+https://github.com/lodash/lodash.git' },
488 silly install resolved     scripts: { test: 'echo "See https://travis-ci.org/lodash/lodash-cli for testing details."' },
488 silly install resolved     bugs: { url: 'https://github.com/lodash/lodash/issues' },
488 silly install resolved     _id: 'lodash.isfunction@3.0.8',
488 silly install resolved     _shasum: '4db709fc81bc4a8fd7127a458a5346c5cdce2c6b',
488 silly install resolved     _from: 'lodash.isfunction@>=3.0.8 <4.0.0',
488 silly install resolved     _npmVersion: '2.14.15',
488 silly install resolved     _nodeVersion: '5.4.0',
488 silly install resolved     _npmUser: { name: 'jdalton', email: 'john.david.dalton@gmail.com' },
488 silly install resolved     dist:
488 silly install resolved      { shasum: '4db709fc81bc4a8fd7127a458a5346c5cdce2c6b',
488 silly install resolved        tarball: 'http://registry.npmjs.org/lodash.isfunction/-/lodash.isfunction-3.0.8.tgz' },
488 silly install resolved     maintainers: [ [Object], [Object], [Object] ],
488 silly install resolved     _npmOperationalInternal:
488 silly install resolved      { host: 'packages-5-east.internal.npmjs.com',
488 silly install resolved        tmp: 'tmp/lodash.isfunction-3.0.8.tgz_1454484512178_0.7180597959086299' },
488 silly install resolved     directories: {},
488 silly install resolved     _resolved: 'https://registry.npmjs.org/lodash.isfunction/-/lodash.isfunction-3.0.8.tgz',
488 silly install resolved     readme: 'ERROR: No README data found!' },
488 silly install resolved   { name: 'lodash.ismap',
488 silly install resolved     version: '4.4.2',
488 silly install resolved     description: 'The lodash method `_.isMap` exported as a module.',
488 silly install resolved     homepage: 'https://lodash.com/',
488 silly install resolved     icon: 'https://lodash.com/icon.svg',
488 silly install resolved     license: 'MIT',
488 silly install resolved     keywords: [ 'lodash-modularized', 'ismap' ],
488 silly install resolved     author:
488 silly install resolved      { name: 'John-David Dalton',
488 silly install resolved        email: 'john.david.dalton@gmail.com',
488 silly install resolved        url: 'http://allyoucanleet.com/' },
488 silly install resolved     contributors: [ [Object], [Object], [Object] ],
488 silly install resolved     repository: { type: 'git', url: 'git+https://github.com/lodash/lodash.git' },
488 silly install resolved     scripts: { test: 'echo "See https://travis-ci.org/lodash/lodash-cli for testing details."' },
488 silly install resolved     bugs: { url: 'https://github.com/lodash/lodash/issues' },
488 silly install resolved     _id: 'lodash.ismap@4.4.2',
488 silly install resolved     _shasum: '836bf06dee57fd3d2aa357bf6946e61d1e77e279',
488 silly install resolved     _from: 'lodash.ismap@>=4.3.0 <5.0.0',
488 silly install resolved     _npmVersion: '2.15.10',
488 silly install resolved     _nodeVersion: '4.4.7',
488 silly install resolved     _npmUser: { name: 'jdalton', email: 'john.david.dalton@gmail.com' },
488 silly install resolved     dist:
488 silly install resolved      { shasum: '836bf06dee57fd3d2aa357bf6946e61d1e77e279',
488 silly install resolved        tarball: 'https://registry.npmjs.org/lodash.ismap/-/lodash.ismap-4.4.2.tgz' },
488 silly install resolved     maintainers: [ [Object], [Object], [Object] ],
488 silly install resolved     _npmOperationalInternal:
488 silly install resolved      { host: 'packages-16-east.internal.npmjs.com',
488 silly install resolved        tmp: 'tmp/lodash.ismap-4.4.2.tgz_1471110044028_0.4931685831397772' },
488 silly install resolved     directories: {},
488 silly install resolved     _resolved: 'https://registry.npmjs.org/lodash.ismap/-/lodash.ismap-4.4.2.tgz',
488 silly install resolved     readme: 'ERROR: No README data found!' },
488 silly install resolved   { name: 'lodash.isobject',
488 silly install resolved     version: '3.0.2',
488 silly install resolved     description: 'The modern build of lodash’s `_.isObject` as a module.',
488 silly install resolved     homepage: 'https://lodash.com/',
488 silly install resolved     icon: 'https://lodash.com/icon.svg',
488 silly install resolved     license: 'MIT',
488 silly install resolved     keywords: [ 'lodash', 'lodash-modularized', 'stdlib', 'util' ],
488 silly install resolved     author:
488 silly install resolved      { name: 'John-David Dalton',
488 silly install resolved        email: 'john.david.dalton@gmail.com',
488 silly install resolved        url: 'http://allyoucanleet.com/' },
488 silly install resolved     contributors: [ [Object], [Object], [Object], [Object], [Object] ],
488 silly install resolved     repository: { type: 'git', url: 'git+https://github.com/lodash/lodash.git' },
488 silly install resolved     scripts: { test: 'echo "See https://travis-ci.org/lodash/lodash-cli for testing details."' },
488 silly install resolved     bugs: { url: 'https://github.com/lodash/lodash/issues' },
488 silly install resolved     _id: 'lodash.isobject@3.0.2',
488 silly install resolved     _shasum: '3c8fb8d5b5bf4bf90ae06e14f2a530a4ed935e1d',
488 silly install resolved     _from: 'lodash.isobject@>=3.0.2 <4.0.0',
488 silly install resolved     _npmVersion: '2.10.0',
488 silly install resolved     _nodeVersion: '0.12.3',
488 silly install resolved     _npmUser: { name: 'jdalton', email: 'john.david.dalton@gmail.com' },
488 silly install resolved     maintainers: [ [Object], [Object], [Object], [Object], [Object] ],
488 silly install resolved     dist:
488 silly install resolved      { shasum: '3c8fb8d5b5bf4bf90ae06e14f2a530a4ed935e1d',
488 silly install resolved        tarball: 'http://registry.npmjs.org/lodash.isobject/-/lodash.isobject-3.0.2.tgz' },
488 silly install resolved     directories: {},
488 silly install resolved     _resolved: 'https://registry.npmjs.org/lodash.isobject/-/lodash.isobject-3.0.2.tgz',
488 silly install resolved     readme: 'ERROR: No README data found!' },
488 silly install resolved   { name: 'lodash.isset',
488 silly install resolved     version: '4.4.2',
488 silly install resolved     description: 'The lodash method `_.isSet` exported as a module.',
488 silly install resolved     homepage: 'https://lodash.com/',
488 silly install resolved     icon: 'https://lodash.com/icon.svg',
488 silly install resolved     license: 'MIT',
488 silly install resolved     keywords: [ 'lodash-modularized', 'isset' ],
488 silly install resolved     author:
488 silly install resolved      { name: 'John-David Dalton',
488 silly install resolved        email: 'john.david.dalton@gmail.com',
488 silly install resolved        url: 'http://allyoucanleet.com/' },
488 silly install resolved     contributors: [ [Object], [Object], [Object] ],
488 silly install resolved     repository: { type: 'git', url: 'git+https://github.com/lodash/lodash.git' },
488 silly install resolved     scripts: { test: 'echo "See https://travis-ci.org/lodash/lodash-cli for testing details."' },
488 silly install resolved     bugs: { url: 'https://github.com/lodash/lodash/issues' },
488 silly install resolved     _id: 'lodash.isset@4.4.2',
488 silly install resolved     _shasum: 'd5eecc56b7a97ab588509e4795b3541b1cdb67bb',
488 silly install resolved     _from: 'lodash.isset@>=4.3.0 <5.0.0',
488 silly install resolved     _npmVersion: '2.15.10',
488 silly install resolved     _nodeVersion: '4.4.7',
488 silly install resolved     _npmUser: { name: 'jdalton', email: 'john.david.dalton@gmail.com' },
488 silly install resolved     dist:
488 silly install resolved      { shasum: 'd5eecc56b7a97ab588509e4795b3541b1cdb67bb',
488 silly install resolved        tarball: 'https://registry.npmjs.org/lodash.isset/-/lodash.isset-4.4.2.tgz' },
488 silly install resolved     maintainers: [ [Object], [Object], [Object] ],
488 silly install resolved     _npmOperationalInternal:
488 silly install resolved      { host: 'packages-16-east.internal.npmjs.com',
488 silly install resolved        tmp: 'tmp/lodash.isset-4.4.2.tgz_1471110073742_0.664803677238524' },
488 silly install resolved     directories: {},
488 silly install resolved     _resolved: 'https://registry.npmjs.org/lodash.isset/-/lodash.isset-4.4.2.tgz',
488 silly install resolved     readme: 'ERROR: No README data found!' },
488 silly install resolved   { name: 'lodash.isboolean',
488 silly install resolved     version: '3.0.3',
488 silly install resolved     description: 'The lodash method `_.isBoolean` exported as a module.',
488 silly install resolved     homepage: 'https://lodash.com/',
488 silly install resolved     icon: 'https://lodash.com/icon.svg',
488 silly install resolved     license: 'MIT',
488 silly install resolved     keywords: [ 'lodash-modularized', 'isboolean' ],
488 silly install resolved     author:
488 silly install resolved      { name: 'John-David Dalton',
488 silly install resolved        email: 'john.david.dalton@gmail.com',
488 silly install resolved        url: 'http://allyoucanleet.com/' },
488 silly install resolved     contributors: [ [Object], [Object], [Object] ],
488 silly install resolved     repository: { type: 'git', url: 'git+https://github.com/lodash/lodash.git' },
488 silly install resolved     scripts: { test: 'echo "See https://travis-ci.org/lodash/lodash-cli for testing details."' },
488 silly install resolved     bugs: { url: 'https://github.com/lodash/lodash/issues' },
488 silly install resolved     _id: 'lodash.isboolean@3.0.3',
488 silly install resolved     _shasum: '6c2e171db2a257cd96802fd43b01b20d5f5870f6',
488 silly install resolved     _from: 'lodash.isboolean@>=3.0.3 <4.0.0',
488 silly install resolved     _npmVersion: '2.14.15',
488 silly install resolved     _nodeVersion: '5.4.0',
488 silly install resolved     _npmUser: { name: 'jdalton', email: 'john.david.dalton@gmail.com' },
488 silly install resolved     dist:
488 silly install resolved      { shasum: '6c2e171db2a257cd96802fd43b01b20d5f5870f6',
488 silly install resolved        tarball: 'http://registry.npmjs.org/lodash.isboolean/-/lodash.isboolean-3.0.3.tgz' },
488 silly install resolved     maintainers: [ [Object], [Object], [Object] ],
488 silly install resolved     _npmOperationalInternal:
488 silly install resolved      { host: 'packages-9-west.internal.npmjs.com',
488 silly install resolved        tmp: 'tmp/lodash.isboolean-3.0.3.tgz_1454484499476_0.9152139471843839' },
488 silly install resolved     directories: {},
488 silly install resolved     _resolved: 'https://registry.npmjs.org/lodash.isboolean/-/lodash.isboolean-3.0.3.tgz',
488 silly install resolved     readme: 'ERROR: No README data found!' },
488 silly install resolved   { name: 'lodash.isnumber',
488 silly install resolved     version: '3.0.3',
488 silly install resolved     description: 'The lodash method `_.isNumber` exported as a module.',
488 silly install resolved     homepage: 'https://lodash.com/',
488 silly install resolved     icon: 'https://lodash.com/icon.svg',
488 silly install resolved     license: 'MIT',
488 silly install resolved     keywords: [ 'lodash-modularized', 'isnumber' ],
488 silly install resolved     author:
488 silly install resolved      { name: 'John-David Dalton',
488 silly install resolved        email: 'john.david.dalton@gmail.com',
488 silly install resolved        url: 'http://allyoucanleet.com/' },
488 silly install resolved     contributors: [ [Object], [Object], [Object] ],
488 silly install resolved     repository: { type: 'git', url: 'git+https://github.com/lodash/lodash.git' },
488 silly install resolved     scripts: { test: 'echo "See https://travis-ci.org/lodash/lodash-cli for testing details."' },
488 silly install resolved     bugs: { url: 'https://github.com/lodash/lodash/issues' },
488 silly install resolved     _id: 'lodash.isnumber@3.0.3',
488 silly install resolved     _shasum: '3ce76810c5928d03352301ac287317f11c0b1ffc',
488 silly install resolved     _from: 'lodash.isnumber@>=3.0.3 <4.0.0',
488 silly install resolved     _npmVersion: '2.14.15',
488 silly install resolved     _nodeVersion: '5.4.0',
488 silly install resolved     _npmUser: { name: 'jdalton', email: 'john.david.dalton@gmail.com' },
488 silly install resolved     dist:
488 silly install resolved      { shasum: '3ce76810c5928d03352301ac287317f11c0b1ffc',
488 silly install resolved        tarball: 'http://registry.npmjs.org/lodash.isnumber/-/lodash.isnumber-3.0.3.tgz' },
488 silly install resolved     maintainers: [ [Object], [Object], [Object] ],
488 silly install resolved     _npmOperationalInternal:
488 silly install resolved      { host: 'packages-6-west.internal.npmjs.com',
488 silly install resolved        tmp: 'tmp/lodash.isnumber-3.0.3.tgz_1454484528642_0.7204555512871593' },
488 silly install resolved     directories: {},
488 silly install resolved     _resolved: 'https://registry.npmjs.org/lodash.isnumber/-/lodash.isnumber-3.0.3.tgz',
488 silly install resolved     readme: 'ERROR: No README data found!' },
488 silly install resolved   { name: 'lodash.isstring',
488 silly install resolved     version: '4.0.1',
488 silly install resolved     description: 'The lodash method `_.isString` exported as a module.',
488 silly install resolved     homepage: 'https://lodash.com/',
488 silly install resolved     icon: 'https://lodash.com/icon.svg',
488 silly install resolved     license: 'MIT',
488 silly install resolved     keywords: [ 'lodash-modularized', 'isstring' ],
488 silly install resolved     author:
488 silly install resolved      { name: 'John-David Dalton',
488 silly install resolved        email: 'john.david.dalton@gmail.com',
488 silly install resolved        url: 'http://allyoucanleet.com/' },
488 silly install resolved     contributors: [ [Object], [Object], [Object] ],
488 silly install resolved     repository: { type: 'git', url: 'git+https://github.com/lodash/lodash.git' },
488 silly install resolved     scripts: { test: 'echo "See https://travis-ci.org/lodash/lodash-cli for testing details."' },
488 silly install resolved     bugs: { url: 'https://github.com/lodash/lodash/issues' },
488 silly install resolved     _id: 'lodash.isstring@4.0.1',
488 silly install resolved     _shasum: 'd527dfb5456eca7cc9bb95d5daeaf88ba54a5451',
488 silly install resolved     _from: 'lodash.isstring@>=4.0.1 <5.0.0',
488 silly install resolved     _npmVersion: '2.14.15',
488 silly install resolved     _nodeVersion: '5.4.0',
488 silly install resolved     _npmUser: { name: 'jdalton', email: 'john.david.dalton@gmail.com' },
488 silly install resolved     dist:
488 silly install resolved      { shasum: 'd527dfb5456eca7cc9bb95d5daeaf88ba54a5451',
488 silly install resolved        tarball: 'http://registry.npmjs.org/lodash.isstring/-/lodash.isstring-4.0.1.tgz' },
488 silly install resolved     maintainers: [ [Object], [Object], [Object] ],
488 silly install resolved     _npmOperationalInternal:
488 silly install resolved      { host: 'packages-5-east.internal.npmjs.com',
488 silly install resolved        tmp: 'tmp/lodash.isstring-4.0.1.tgz_1454484537621_0.8814679116476327' },
488 silly install resolved     directories: {},
488 silly install resolved     _resolved: 'https://registry.npmjs.org/lodash.isstring/-/lodash.isstring-4.0.1.tgz',
488 silly install resolved     readme: 'ERROR: No README data found!' } ]
489 info install lodash.isfunction@3.0.8 into /home/janhov/dev/src/d2-charts-api/node_modules/d2-utilizr
490 info install lodash.ismap@4.4.2 into /home/janhov/dev/src/d2-charts-api/node_modules/d2-utilizr
491 info install lodash.isobject@3.0.2 into /home/janhov/dev/src/d2-charts-api/node_modules/d2-utilizr
492 info install lodash.isset@4.4.2 into /home/janhov/dev/src/d2-charts-api/node_modules/d2-utilizr
493 info install lodash.isboolean@3.0.3 into /home/janhov/dev/src/d2-charts-api/node_modules/d2-utilizr
494 info install lodash.isnumber@3.0.3 into /home/janhov/dev/src/d2-charts-api/node_modules/d2-utilizr
495 info install lodash.isstring@4.0.1 into /home/janhov/dev/src/d2-charts-api/node_modules/d2-utilizr
496 info installOne lodash.isfunction@3.0.8
497 verbose installOne of lodash.isfunction to /home/janhov/dev/src/d2-charts-api/node_modules/d2-utilizr not in flight; installing
498 verbose correctMkdir /home/janhov/.npm/_locks correctMkdir not in flight; initializing
499 info installOne lodash.ismap@4.4.2
500 verbose installOne of lodash.ismap to /home/janhov/dev/src/d2-charts-api/node_modules/d2-utilizr not in flight; installing
501 verbose correctMkdir /home/janhov/.npm/_locks correctMkdir not in flight; initializing
502 info installOne lodash.isobject@3.0.2
503 verbose installOne of lodash.isobject to /home/janhov/dev/src/d2-charts-api/node_modules/d2-utilizr not in flight; installing
504 verbose correctMkdir /home/janhov/.npm/_locks correctMkdir not in flight; initializing
505 info installOne lodash.isset@4.4.2
506 verbose installOne of lodash.isset to /home/janhov/dev/src/d2-charts-api/node_modules/d2-utilizr not in flight; installing
507 verbose correctMkdir /home/janhov/.npm/_locks correctMkdir not in flight; initializing
508 info installOne lodash.isboolean@3.0.3
509 verbose installOne of lodash.isboolean to /home/janhov/dev/src/d2-charts-api/node_modules/d2-utilizr not in flight; installing
510 verbose correctMkdir /home/janhov/.npm/_locks correctMkdir not in flight; initializing
511 info installOne lodash.isnumber@3.0.3
512 verbose installOne of lodash.isnumber to /home/janhov/dev/src/d2-charts-api/node_modules/d2-utilizr not in flight; installing
513 verbose correctMkdir /home/janhov/.npm/_locks correctMkdir not in flight; initializing
514 info installOne lodash.isstring@4.0.1
515 verbose installOne of lodash.isstring to /home/janhov/dev/src/d2-charts-api/node_modules/d2-utilizr not in flight; installing
516 verbose correctMkdir /home/janhov/.npm/_locks correctMkdir not in flight; initializing
517 verbose lock using /home/janhov/.npm/_locks/lodash-isfunction-f5ddca867fe091d1.lock for /home/janhov/dev/src/d2-charts-api/node_modules/d2-utilizr/node_modules/lodash.isfunction
518 verbose lock using /home/janhov/.npm/_locks/lodash-ismap-66ba100121315730.lock for /home/janhov/dev/src/d2-charts-api/node_modules/d2-utilizr/node_modules/lodash.ismap
519 verbose lock using /home/janhov/.npm/_locks/lodash-isobject-3eba64e20e49f278.lock for /home/janhov/dev/src/d2-charts-api/node_modules/d2-utilizr/node_modules/lodash.isobject
520 verbose lock using /home/janhov/.npm/_locks/lodash-isset-edc74f7dd2d4de48.lock for /home/janhov/dev/src/d2-charts-api/node_modules/d2-utilizr/node_modules/lodash.isset
521 verbose lock using /home/janhov/.npm/_locks/lodash-isnumber-0a0d6c47afa9771a.lock for /home/janhov/dev/src/d2-charts-api/node_modules/d2-utilizr/node_modules/lodash.isnumber
522 verbose lock using /home/janhov/.npm/_locks/lodash-isboolean-f6f4fb27301271cf.lock for /home/janhov/dev/src/d2-charts-api/node_modules/d2-utilizr/node_modules/lodash.isboolean
523 verbose lock using /home/janhov/.npm/_locks/lodash-isstring-20dfd271d786cdd7.lock for /home/janhov/dev/src/d2-charts-api/node_modules/d2-utilizr/node_modules/lodash.isstring
524 silly install write writing lodash.isfunction 3.0.8 to /home/janhov/dev/src/d2-charts-api/node_modules/d2-utilizr/node_modules/lodash.isfunction
525 silly install write writing lodash.ismap 4.4.2 to /home/janhov/dev/src/d2-charts-api/node_modules/d2-utilizr/node_modules/lodash.ismap
526 silly install write writing lodash.isobject 3.0.2 to /home/janhov/dev/src/d2-charts-api/node_modules/d2-utilizr/node_modules/lodash.isobject
527 silly install write writing lodash.isset 4.4.2 to /home/janhov/dev/src/d2-charts-api/node_modules/d2-utilizr/node_modules/lodash.isset
528 silly install write writing lodash.isnumber 3.0.3 to /home/janhov/dev/src/d2-charts-api/node_modules/d2-utilizr/node_modules/lodash.isnumber
529 silly install write writing lodash.isboolean 3.0.3 to /home/janhov/dev/src/d2-charts-api/node_modules/d2-utilizr/node_modules/lodash.isboolean
530 silly install write writing lodash.isstring 4.0.1 to /home/janhov/dev/src/d2-charts-api/node_modules/d2-utilizr/node_modules/lodash.isstring
531 verbose unbuild node_modules/d2-utilizr/node_modules/lodash.isfunction
532 verbose unbuild node_modules/d2-utilizr/node_modules/lodash.ismap
533 verbose unbuild node_modules/d2-utilizr/node_modules/lodash.isobject
534 verbose unbuild node_modules/d2-utilizr/node_modules/lodash.isset
535 verbose unbuild node_modules/d2-utilizr/node_modules/lodash.isboolean
536 verbose unbuild node_modules/d2-utilizr/node_modules/lodash.isnumber
537 verbose unbuild node_modules/d2-utilizr/node_modules/lodash.isstring
538 silly gentlyRm /home/janhov/dev/src/d2-charts-api/node_modules/d2-utilizr/node_modules/lodash.isfunction is being purged from base /home/janhov/dev/src/d2-charts-api
539 verbose gentlyRm don't care about contents; nuking /home/janhov/dev/src/d2-charts-api/node_modules/d2-utilizr/node_modules/lodash.isfunction
540 silly gentlyRm /home/janhov/dev/src/d2-charts-api/node_modules/d2-utilizr/node_modules/lodash.ismap is being purged from base /home/janhov/dev/src/d2-charts-api
541 verbose gentlyRm don't care about contents; nuking /home/janhov/dev/src/d2-charts-api/node_modules/d2-utilizr/node_modules/lodash.ismap
542 silly gentlyRm /home/janhov/dev/src/d2-charts-api/node_modules/d2-utilizr/node_modules/lodash.isobject is being purged from base /home/janhov/dev/src/d2-charts-api
543 verbose gentlyRm don't care about contents; nuking /home/janhov/dev/src/d2-charts-api/node_modules/d2-utilizr/node_modules/lodash.isobject
544 silly gentlyRm /home/janhov/dev/src/d2-charts-api/node_modules/d2-utilizr/node_modules/lodash.isset is being purged from base /home/janhov/dev/src/d2-charts-api
545 verbose gentlyRm don't care about contents; nuking /home/janhov/dev/src/d2-charts-api/node_modules/d2-utilizr/node_modules/lodash.isset
546 silly gentlyRm /home/janhov/dev/src/d2-charts-api/node_modules/d2-utilizr/node_modules/lodash.isboolean is being purged from base /home/janhov/dev/src/d2-charts-api
547 verbose gentlyRm don't care about contents; nuking /home/janhov/dev/src/d2-charts-api/node_modules/d2-utilizr/node_modules/lodash.isboolean
548 silly gentlyRm /home/janhov/dev/src/d2-charts-api/node_modules/d2-utilizr/node_modules/lodash.isnumber is being purged from base /home/janhov/dev/src/d2-charts-api
549 verbose gentlyRm don't care about contents; nuking /home/janhov/dev/src/d2-charts-api/node_modules/d2-utilizr/node_modules/lodash.isnumber
550 verbose tar unpack /home/janhov/.npm/lodash.isfunction/3.0.8/package.tgz
551 verbose tar unpacking to /home/janhov/dev/src/d2-charts-api/node_modules/d2-utilizr/node_modules/lodash.isfunction
552 silly gentlyRm /home/janhov/dev/src/d2-charts-api/node_modules/d2-utilizr/node_modules/lodash.isfunction is being purged
553 verbose gentlyRm don't care about contents; nuking /home/janhov/dev/src/d2-charts-api/node_modules/d2-utilizr/node_modules/lodash.isfunction
554 verbose tar unpack /home/janhov/.npm/lodash.ismap/4.4.2/package.tgz
555 verbose tar unpacking to /home/janhov/dev/src/d2-charts-api/node_modules/d2-utilizr/node_modules/lodash.ismap
556 silly gentlyRm /home/janhov/dev/src/d2-charts-api/node_modules/d2-utilizr/node_modules/lodash.ismap is being purged
557 verbose gentlyRm don't care about contents; nuking /home/janhov/dev/src/d2-charts-api/node_modules/d2-utilizr/node_modules/lodash.ismap
558 verbose tar unpack /home/janhov/.npm/lodash.isobject/3.0.2/package.tgz
559 verbose tar unpacking to /home/janhov/dev/src/d2-charts-api/node_modules/d2-utilizr/node_modules/lodash.isobject
560 silly gentlyRm /home/janhov/dev/src/d2-charts-api/node_modules/d2-utilizr/node_modules/lodash.isobject is being purged
561 verbose gentlyRm don't care about contents; nuking /home/janhov/dev/src/d2-charts-api/node_modules/d2-utilizr/node_modules/lodash.isobject
562 verbose tar unpack /home/janhov/.npm/lodash.isset/4.4.2/package.tgz
563 verbose tar unpacking to /home/janhov/dev/src/d2-charts-api/node_modules/d2-utilizr/node_modules/lodash.isset
564 silly gentlyRm /home/janhov/dev/src/d2-charts-api/node_modules/d2-utilizr/node_modules/lodash.isset is being purged
565 verbose gentlyRm don't care about contents; nuking /home/janhov/dev/src/d2-charts-api/node_modules/d2-utilizr/node_modules/lodash.isset
566 silly gentlyRm /home/janhov/dev/src/d2-charts-api/node_modules/d2-utilizr/node_modules/lodash.isstring is being purged from base /home/janhov/dev/src/d2-charts-api
567 verbose gentlyRm don't care about contents; nuking /home/janhov/dev/src/d2-charts-api/node_modules/d2-utilizr/node_modules/lodash.isstring
568 verbose tar unpack /home/janhov/.npm/lodash.isboolean/3.0.3/package.tgz
569 verbose tar unpacking to /home/janhov/dev/src/d2-charts-api/node_modules/d2-utilizr/node_modules/lodash.isboolean
570 silly gentlyRm /home/janhov/dev/src/d2-charts-api/node_modules/d2-utilizr/node_modules/lodash.isboolean is being purged
571 verbose gentlyRm don't care about contents; nuking /home/janhov/dev/src/d2-charts-api/node_modules/d2-utilizr/node_modules/lodash.isboolean
572 verbose tar unpack /home/janhov/.npm/lodash.isnumber/3.0.3/package.tgz
573 verbose tar unpacking to /home/janhov/dev/src/d2-charts-api/node_modules/d2-utilizr/node_modules/lodash.isnumber
574 silly gentlyRm /home/janhov/dev/src/d2-charts-api/node_modules/d2-utilizr/node_modules/lodash.isnumber is being purged
575 verbose gentlyRm don't care about contents; nuking /home/janhov/dev/src/d2-charts-api/node_modules/d2-utilizr/node_modules/lodash.isnumber
576 silly gunzTarPerm modes [ '755', '644' ]
577 silly gunzTarPerm modes [ '755', '644' ]
578 silly gunzTarPerm modes [ '755', '644' ]
579 silly gunzTarPerm modes [ '755', '644' ]
580 verbose tar unpack /home/janhov/.npm/lodash.isstring/4.0.1/package.tgz
581 verbose tar unpacking to /home/janhov/dev/src/d2-charts-api/node_modules/d2-utilizr/node_modules/lodash.isstring
582 silly gentlyRm /home/janhov/dev/src/d2-charts-api/node_modules/d2-utilizr/node_modules/lodash.isstring is being purged
583 verbose gentlyRm don't care about contents; nuking /home/janhov/dev/src/d2-charts-api/node_modules/d2-utilizr/node_modules/lodash.isstring
584 silly gunzTarPerm modes [ '755', '644' ]
585 silly gunzTarPerm modes [ '755', '644' ]
586 silly gunzTarPerm modes [ '755', '644' ]
587 silly gunzTarPerm extractEntry package.json
588 silly gunzTarPerm extractEntry package.json
589 silly gunzTarPerm extractEntry package.json
590 silly gunzTarPerm extractEntry package.json
591 silly gunzTarPerm extractEntry package.json
592 silly gunzTarPerm extractEntry package.json
593 silly gunzTarPerm extractEntry package.json
594 silly gunzTarPerm extractEntry README.md
595 silly gunzTarPerm extractEntry LICENSE
596 silly gunzTarPerm extractEntry README.md
597 silly gunzTarPerm extractEntry LICENSE
598 silly gunzTarPerm extractEntry README.md
599 silly gunzTarPerm extractEntry index.js
600 silly gunzTarPerm extractEntry README.md
601 silly gunzTarPerm extractEntry LICENSE
602 silly gunzTarPerm extractEntry README.md
603 silly gunzTarPerm extractEntry LICENSE
604 silly gunzTarPerm extractEntry README.md
605 silly gunzTarPerm extractEntry LICENSE
606 silly gunzTarPerm extractEntry README.md
607 silly gunzTarPerm extractEntry LICENSE
608 silly gunzTarPerm extractEntry index.js
609 silly gunzTarPerm extractEntry index.js
610 silly gunzTarPerm extractEntry LICENSE.txt
611 silly gunzTarPerm extractEntry index.js
612 silly gunzTarPerm extractEntry index.js
613 silly gunzTarPerm extractEntry index.js
614 silly gunzTarPerm extractEntry index.js
615 verbose write writing to /home/janhov/dev/src/d2-charts-api/node_modules/d2-utilizr/node_modules/lodash.isboolean/package.json
616 verbose write writing to /home/janhov/dev/src/d2-charts-api/node_modules/d2-utilizr/node_modules/lodash.ismap/package.json
617 verbose write writing to /home/janhov/dev/src/d2-charts-api/node_modules/d2-utilizr/node_modules/lodash.isset/package.json
618 verbose write writing to /home/janhov/dev/src/d2-charts-api/node_modules/d2-utilizr/node_modules/lodash.isnumber/package.json
619 verbose write writing to /home/janhov/dev/src/d2-charts-api/node_modules/d2-utilizr/node_modules/lodash.isobject/package.json
620 verbose write writing to /home/janhov/dev/src/d2-charts-api/node_modules/d2-utilizr/node_modules/lodash.isstring/package.json
621 verbose write writing to /home/janhov/dev/src/d2-charts-api/node_modules/d2-utilizr/node_modules/lodash.isfunction/package.json
622 info preinstall lodash.isboolean@3.0.3
623 info preinstall lodash.isset@4.4.2
624 info preinstall lodash.ismap@4.4.2
625 info preinstall lodash.isnumber@3.0.3
626 info preinstall lodash.isobject@3.0.2
627 info preinstall lodash.isfunction@3.0.8
628 info preinstall lodash.isstring@4.0.1
629 verbose readDependencies loading dependencies from /home/janhov/dev/src/d2-charts-api/node_modules/d2-utilizr/node_modules/lodash.isboolean/package.json
630 verbose readDependencies loading dependencies from /home/janhov/dev/src/d2-charts-api/node_modules/d2-utilizr/node_modules/lodash.isset/package.json
631 verbose readDependencies loading dependencies from /home/janhov/dev/src/d2-charts-api/node_modules/d2-utilizr/node_modules/lodash.ismap/package.json
632 verbose readDependencies loading dependencies from /home/janhov/dev/src/d2-charts-api/node_modules/d2-utilizr/node_modules/lodash.isnumber/package.json
633 verbose readDependencies loading dependencies from /home/janhov/dev/src/d2-charts-api/node_modules/d2-utilizr/node_modules/lodash.isobject/package.json
634 verbose readDependencies loading dependencies from /home/janhov/dev/src/d2-charts-api/node_modules/d2-utilizr/node_modules/lodash.isfunction/package.json
635 verbose readDependencies loading dependencies from /home/janhov/dev/src/d2-charts-api/node_modules/d2-utilizr/node_modules/lodash.isstring/package.json
636 verbose readDependencies loading dependencies from /home/janhov/dev/src/d2-charts-api/node_modules/d2-utilizr/node_modules/lodash.isboolean/package.json
637 verbose readDependencies loading dependencies from /home/janhov/dev/src/d2-charts-api/node_modules/d2-utilizr/node_modules/lodash.isset/package.json
638 verbose readDependencies loading dependencies from /home/janhov/dev/src/d2-charts-api/node_modules/d2-utilizr/node_modules/lodash.ismap/package.json
639 verbose readDependencies loading dependencies from /home/janhov/dev/src/d2-charts-api/node_modules/d2-utilizr/node_modules/lodash.isnumber/package.json
640 verbose readDependencies loading dependencies from /home/janhov/dev/src/d2-charts-api/node_modules/d2-utilizr/node_modules/lodash.isobject/package.json
641 verbose readDependencies loading dependencies from /home/janhov/dev/src/d2-charts-api/node_modules/d2-utilizr/node_modules/lodash.isfunction/package.json
642 verbose readDependencies loading dependencies from /home/janhov/dev/src/d2-charts-api/node_modules/d2-utilizr/node_modules/lodash.isstring/package.json
643 silly install resolved []
644 verbose about to build /home/janhov/dev/src/d2-charts-api/node_modules/d2-utilizr/node_modules/lodash.isboolean
645 info build /home/janhov/dev/src/d2-charts-api/node_modules/d2-utilizr/node_modules/lodash.isboolean
646 silly install resolved []
647 verbose about to build /home/janhov/dev/src/d2-charts-api/node_modules/d2-utilizr/node_modules/lodash.isset
648 info build /home/janhov/dev/src/d2-charts-api/node_modules/d2-utilizr/node_modules/lodash.isset
649 silly install resolved []
650 verbose about to build /home/janhov/dev/src/d2-charts-api/node_modules/d2-utilizr/node_modules/lodash.ismap
651 info build /home/janhov/dev/src/d2-charts-api/node_modules/d2-utilizr/node_modules/lodash.ismap
652 silly install resolved []
653 verbose about to build /home/janhov/dev/src/d2-charts-api/node_modules/d2-utilizr/node_modules/lodash.isnumber
654 info build /home/janhov/dev/src/d2-charts-api/node_modules/d2-utilizr/node_modules/lodash.isnumber
655 silly install resolved []
656 verbose about to build /home/janhov/dev/src/d2-charts-api/node_modules/d2-utilizr/node_modules/lodash.isobject
657 info build /home/janhov/dev/src/d2-charts-api/node_modules/d2-utilizr/node_modules/lodash.isobject
658 silly install resolved []
659 verbose about to build /home/janhov/dev/src/d2-charts-api/node_modules/d2-utilizr/node_modules/lodash.isfunction
660 info build /home/janhov/dev/src/d2-charts-api/node_modules/d2-utilizr/node_modules/lodash.isfunction
661 silly install resolved []
662 verbose about to build /home/janhov/dev/src/d2-charts-api/node_modules/d2-utilizr/node_modules/lodash.isstring
663 info build /home/janhov/dev/src/d2-charts-api/node_modules/d2-utilizr/node_modules/lodash.isstring
664 info linkStuff lodash.isboolean@3.0.3
665 silly linkStuff lodash.isboolean@3.0.3 has /home/janhov/dev/src/d2-charts-api/node_modules/d2-utilizr/node_modules as its parent node_modules
666 info linkStuff lodash.isset@4.4.2
667 silly linkStuff lodash.isset@4.4.2 has /home/janhov/dev/src/d2-charts-api/node_modules/d2-utilizr/node_modules as its parent node_modules
668 info linkStuff lodash.ismap@4.4.2
669 silly linkStuff lodash.ismap@4.4.2 has /home/janhov/dev/src/d2-charts-api/node_modules/d2-utilizr/node_modules as its parent node_modules
670 info linkStuff lodash.isnumber@3.0.3
671 silly linkStuff lodash.isnumber@3.0.3 has /home/janhov/dev/src/d2-charts-api/node_modules/d2-utilizr/node_modules as its parent node_modules
672 info linkStuff lodash.isobject@3.0.2
673 silly linkStuff lodash.isobject@3.0.2 has /home/janhov/dev/src/d2-charts-api/node_modules/d2-utilizr/node_modules as its parent node_modules
674 info linkStuff lodash.isfunction@3.0.8
675 silly linkStuff lodash.isfunction@3.0.8 has /home/janhov/dev/src/d2-charts-api/node_modules/d2-utilizr/node_modules as its parent node_modules
676 info linkStuff lodash.isstring@4.0.1
677 silly linkStuff lodash.isstring@4.0.1 has /home/janhov/dev/src/d2-charts-api/node_modules/d2-utilizr/node_modules as its parent node_modules
678 verbose linkBins lodash.isset@4.4.2
679 verbose linkMans lodash.isset@4.4.2
680 verbose rebuildBundles lodash.isset@4.4.2
681 verbose linkBins lodash.isboolean@3.0.3
682 verbose linkMans lodash.isboolean@3.0.3
683 verbose rebuildBundles lodash.isboolean@3.0.3
684 verbose linkBins lodash.ismap@4.4.2
685 verbose linkMans lodash.ismap@4.4.2
686 verbose rebuildBundles lodash.ismap@4.4.2
687 verbose linkBins lodash.isnumber@3.0.3
688 verbose linkMans lodash.isnumber@3.0.3
689 verbose rebuildBundles lodash.isnumber@3.0.3
690 verbose linkBins lodash.isobject@3.0.2
691 verbose linkMans lodash.isobject@3.0.2
692 verbose rebuildBundles lodash.isobject@3.0.2
693 info install lodash.isset@4.4.2
694 info install lodash.isboolean@3.0.3
695 info install lodash.ismap@4.4.2
696 verbose linkBins lodash.isfunction@3.0.8
697 verbose linkMans lodash.isfunction@3.0.8
698 verbose rebuildBundles lodash.isfunction@3.0.8
699 info install lodash.isnumber@3.0.3
700 info install lodash.isobject@3.0.2
701 verbose linkBins lodash.isstring@4.0.1
702 verbose linkMans lodash.isstring@4.0.1
703 verbose rebuildBundles lodash.isstring@4.0.1
704 info install lodash.isfunction@3.0.8
705 info postinstall lodash.isset@4.4.2
706 info install lodash.isstring@4.0.1
707 info postinstall lodash.isboolean@3.0.3
708 info postinstall lodash.ismap@4.4.2
709 info postinstall lodash.isnumber@3.0.3
710 info postinstall lodash.isobject@3.0.2
711 info postinstall lodash.isfunction@3.0.8
712 info postinstall lodash.isstring@4.0.1
713 verbose unlock done using /home/janhov/.npm/_locks/lodash-isset-edc74f7dd2d4de48.lock for /home/janhov/dev/src/d2-charts-api/node_modules/d2-utilizr/node_modules/lodash.isset
714 verbose unlock done using /home/janhov/.npm/_locks/lodash-isboolean-f6f4fb27301271cf.lock for /home/janhov/dev/src/d2-charts-api/node_modules/d2-utilizr/node_modules/lodash.isboolean
715 verbose unlock done using /home/janhov/.npm/_locks/lodash-ismap-66ba100121315730.lock for /home/janhov/dev/src/d2-charts-api/node_modules/d2-utilizr/node_modules/lodash.ismap
716 verbose unlock done using /home/janhov/.npm/_locks/lodash-isnumber-0a0d6c47afa9771a.lock for /home/janhov/dev/src/d2-charts-api/node_modules/d2-utilizr/node_modules/lodash.isnumber
717 verbose unlock done using /home/janhov/.npm/_locks/lodash-isobject-3eba64e20e49f278.lock for /home/janhov/dev/src/d2-charts-api/node_modules/d2-utilizr/node_modules/lodash.isobject
718 verbose unlock done using /home/janhov/.npm/_locks/lodash-isfunction-f5ddca867fe091d1.lock for /home/janhov/dev/src/d2-charts-api/node_modules/d2-utilizr/node_modules/lodash.isfunction
719 verbose unlock done using /home/janhov/.npm/_locks/lodash-isstring-20dfd271d786cdd7.lock for /home/janhov/dev/src/d2-charts-api/node_modules/d2-utilizr/node_modules/lodash.isstring
720 verbose about to build /home/janhov/dev/src/d2-charts-api/node_modules/d2-utilizr
721 info build /home/janhov/dev/src/d2-charts-api/node_modules/d2-utilizr
722 info linkStuff d2-utilizr@0.2.11
723 silly linkStuff d2-utilizr@0.2.11 has /home/janhov/dev/src/d2-charts-api/node_modules as its parent node_modules
724 verbose linkBins d2-utilizr@0.2.11
725 verbose linkMans d2-utilizr@0.2.11
726 verbose rebuildBundles d2-utilizr@0.2.11
727 verbose rebuildBundles [ 'lodash.isboolean',
727 verbose rebuildBundles   'lodash.isfunction',
727 verbose rebuildBundles   'lodash.ismap',
727 verbose rebuildBundles   'lodash.isnumber',
727 verbose rebuildBundles   'lodash.isobject',
727 verbose rebuildBundles   'lodash.isset',
727 verbose rebuildBundles   'lodash.isstring' ]
728 info install d2-utilizr@0.2.11
729 info postinstall d2-utilizr@0.2.11
730 verbose unlock done using /home/janhov/.npm/_locks/d2-utilizr-189818490a8a8ff7.lock for /home/janhov/dev/src/d2-charts-api/node_modules/d2-utilizr
731 info build /home/janhov/dev/src/d2-charts-api
732 info linkStuff d2-charts-api@0.0.1
733 silly linkStuff d2-charts-api@0.0.1 has /home/janhov/dev/src as its parent node_modules
734 verbose linkBins d2-charts-api@0.0.1
735 verbose linkMans d2-charts-api@0.0.1
736 verbose rebuildBundles d2-charts-api@0.0.1
737 verbose rebuildBundles [ '.bin',
737 verbose rebuildBundles   'babel-core',
737 verbose rebuildBundles   'babel-eslint',
737 verbose rebuildBundles   'babel-loader',
737 verbose rebuildBundles   'babel-polyfill',
737 verbose rebuildBundles   'babel-preset-es2015',
737 verbose rebuildBundles   'babel-preset-stage-2',
737 verbose rebuildBundles   'css-loader',
737 verbose rebuildBundles   'd2-utilizr',
737 verbose rebuildBundles   'eslint',
737 verbose rebuildBundles   'eslint-config-dhis2',
737 verbose rebuildBundles   'eslint-plugin-react',
737 verbose rebuildBundles   'file-loader',
737 verbose rebuildBundles   'highcharts',
737 verbose rebuildBundles   'img-loader',
737 verbose rebuildBundles   'node-sass',
737 verbose rebuildBundles   'sass-loader',
737 verbose rebuildBundles   'style-loader',
737 verbose rebuildBundles   'susy',
737 verbose rebuildBundles   'url-loader',
737 verbose rebuildBundles   'webpack',
737 verbose rebuildBundles   'webpack-dev-server' ]
738 info install d2-charts-api@0.0.1
739 info postinstall d2-charts-api@0.0.1
740 info prepublish d2-charts-api@0.0.1
741 verbose validateInstall loading /home/janhov/dev/src/d2-charts-api/package.json for validation
742 verbose stack Error: The package eslint-plugin-react@3.3.1 does not satisfy its siblings' peerDependencies requirements!
742 verbose stack     at /usr/lib/node_modules/npm/lib/install.js:125:32
742 verbose stack     at /usr/lib/node_modules/npm/lib/install.js:268:7
742 verbose stack     at /usr/lib/node_modules/npm/node_modules/read-installed/read-installed.js:142:5
742 verbose stack     at /usr/lib/node_modules/npm/node_modules/read-installed/read-installed.js:263:14
742 verbose stack     at cb (/usr/lib/node_modules/npm/node_modules/slide/lib/async-map.js:47:24)
742 verbose stack     at /usr/lib/node_modules/npm/node_modules/read-installed/read-installed.js:263:14
742 verbose stack     at cb (/usr/lib/node_modules/npm/node_modules/slide/lib/async-map.js:47:24)
742 verbose stack     at /usr/lib/node_modules/npm/node_modules/read-installed/read-installed.js:263:14
742 verbose stack     at cb (/usr/lib/node_modules/npm/node_modules/slide/lib/async-map.js:47:24)
742 verbose stack     at /usr/lib/node_modules/npm/node_modules/read-installed/read-installed.js:263:14
743 verbose cwd /home/janhov/dev/src/d2-charts-api
744 error Linux 3.16.0-38-generic
745 error argv "/usr/bin/nodejs" "/usr/bin/npm" "i"
746 error node v4.5.0
747 error npm  v2.15.9
748 error code EPEERINVALID
749 error peerinvalid The package eslint-plugin-react@3.3.1 does not satisfy its siblings' peerDependencies requirements!
749 error peerinvalid Peer eslint-config-dhis2@2.0.2 wants eslint-plugin-react@^4.1.0
750 verbose exit [ 1, true ]
